# Logfile created on 2026-01-24 16:50:27 +0100 by logger.rb/v1.5.3
2026-01-24 16:50:27 +0100: Memory Usage (434052K) : Starting running IHP-SG13G2 KLayout DRC runset on /foss/designs/HPAmplifier/OTA_Telescopic_final/OTA_Telescopic_CMFB.gds
2026-01-24 16:50:27 +0100: Memory Usage (434052K) : Ruby Version for klayout: 3.2.3
2026-01-24 16:50:27 +0100: Memory Usage (434820K) : Loading database to memory is complete.
2026-01-24 16:50:27 +0100: Memory Usage (434948K) : IHP-SG13G2 KLayout DRC runset output at: /foss/designs/HPAmplifier/OTA_Telescopic_final/drc_run_OTA_Telescopic_CMFB/OTA_Telescopic_CMFB_OTA_Telescopic_CMFB_main.lyrdb
2026-01-24 16:50:27 +0100: Memory Usage (435076K) : Evaluate switches.
2026-01-24 16:50:27 +0100: Memory Usage (435076K) : tables selected: main
2026-01-24 16:50:27 +0100: Memory Usage (435076K) : KLayout will use 1 thread(s) in tiled mode.
2026-01-24 16:50:27 +0100: Memory Usage (435076K) : deep mode is enabled.
2026-01-24 16:50:27 +0100: Memory Usage (435076K) : FEOL enabled: true
2026-01-24 16:50:27 +0100: Memory Usage (435076K) : BEOL enabled: true
2026-01-24 16:50:27 +0100: Memory Usage (435076K) : OFFGRID enabled: true
2026-01-24 16:50:27 +0100: Memory Usage (435076K) : PIN enabled: true
2026-01-24 16:50:27 +0100: Memory Usage (435076K) : FORBIDDEN enabled: true
2026-01-24 16:50:27 +0100: Memory Usage (435076K) : RECOMMENDED enabled: true
2026-01-24 16:50:27 +0100: Memory Usage (435076K) : PreCheck DRC enabled: false
2026-01-24 16:50:27 +0100: Memory Usage (435076K) : CONNECTIVITY_RULES enabled: true.
2026-01-24 16:50:27 +0100: Memory Usage (435076K) : Read in polygons from layers.
2026-01-24 16:50:27 +0100: Memory Usage (436228K) : activ_drw has 617 polygons
2026-01-24 16:50:27 +0100: Memory Usage (436228K) : activ_pin has 0 polygons
2026-01-24 16:50:27 +0100: Memory Usage (436228K) : activ_mask has 0 polygons
2026-01-24 16:50:27 +0100: Memory Usage (436228K) : activ_filler has 0 polygons
2026-01-24 16:50:27 +0100: Memory Usage (436228K) : activ_nofill has 0 polygons
2026-01-24 16:50:27 +0100: Memory Usage (436228K) : activ_opc has 0 polygons
2026-01-24 16:50:27 +0100: Memory Usage (436228K) : activ_iopc has 0 polygons
2026-01-24 16:50:27 +0100: Memory Usage (436228K) : activ_noqrc has 0 polygons
2026-01-24 16:50:27 +0100: Memory Usage (436228K) : biwind_drw has 0 polygons
2026-01-24 16:50:27 +0100: Memory Usage (436228K) : biwind_opc has 0 polygons
2026-01-24 16:50:27 +0100: Memory Usage (436228K) : pemwind_drw has 0 polygons
2026-01-24 16:50:27 +0100: Memory Usage (436228K) : gatpoly_drw has 608 polygons
2026-01-24 16:50:27 +0100: Memory Usage (436228K) : gatpoly_pin has 2 polygons
2026-01-24 16:50:27 +0100: Memory Usage (436228K) : gatpoly_filler has 0 polygons
2026-01-24 16:50:27 +0100: Memory Usage (436228K) : gatpoly_nofill has 0 polygons
2026-01-24 16:50:27 +0100: Memory Usage (436228K) : gatpoly_opc has 0 polygons
2026-01-24 16:50:27 +0100: Memory Usage (436228K) : gatpoly_iopc has 0 polygons
2026-01-24 16:50:27 +0100: Memory Usage (436228K) : gatpoly_noqrc has 0 polygons
2026-01-24 16:50:27 +0100: Memory Usage (436228K) : cont_drw has 1848 polygons
2026-01-24 16:50:27 +0100: Memory Usage (436228K) : cont_opc has 0 polygons
2026-01-24 16:50:27 +0100: Memory Usage (436228K) : nsd_drw has 0 polygons
2026-01-24 16:50:27 +0100: Memory Usage (436228K) : nsd_block has 0 polygons
2026-01-24 16:50:27 +0100: Memory Usage (436228K) : metal1_drw has 874 polygons
2026-01-24 16:50:27 +0100: Memory Usage (436228K) : metal1_pin has 6 polygons
2026-01-24 16:50:27 +0100: Memory Usage (436228K) : metal1_mask has 0 polygons
2026-01-24 16:50:27 +0100: Memory Usage (436228K) : metal1_filler has 0 polygons
2026-01-24 16:50:27 +0100: Memory Usage (436484K) : metal1_nofill has 0 polygons
2026-01-24 16:50:27 +0100: Memory Usage (436484K) : metal1_slit has 0 polygons
2026-01-24 16:50:27 +0100: Memory Usage (436612K) : metal1_text has 0 polygons
2026-01-24 16:50:27 +0100: Memory Usage (436612K) : metal1_opc has 0 polygons
2026-01-24 16:50:27 +0100: Memory Usage (436612K) : metal1_noqrc has 0 polygons
2026-01-24 16:50:27 +0100: Memory Usage (436740K) : metal1_res has 0 polygons
2026-01-24 16:50:27 +0100: Memory Usage (436740K) : metal1_iprobe has 0 polygons
2026-01-24 16:50:27 +0100: Memory Usage (436868K) : metal1_diffprb has 0 polygons
2026-01-24 16:50:27 +0100: Memory Usage (436868K) : passiv_drw has 0 polygons
2026-01-24 16:50:27 +0100: Memory Usage (436996K) : passiv_pin has 0 polygons
2026-01-24 16:50:27 +0100: Memory Usage (436996K) : passiv_sbump has 0 polygons
2026-01-24 16:50:27 +0100: Memory Usage (436996K) : passiv_pillar has 0 polygons
2026-01-24 16:50:27 +0100: Memory Usage (437124K) : passiv_pdl has 0 polygons
2026-01-24 16:50:27 +0100: Memory Usage (437124K) : metal2_drw has 14 polygons
2026-01-24 16:50:27 +0100: Memory Usage (437252K) : metal2_pin has 0 polygons
2026-01-24 16:50:27 +0100: Memory Usage (437252K) : metal2_mask has 0 polygons
2026-01-24 16:50:27 +0100: Memory Usage (437380K) : metal2_filler has 0 polygons
2026-01-24 16:50:27 +0100: Memory Usage (437380K) : metal2_nofill has 0 polygons
2026-01-24 16:50:27 +0100: Memory Usage (437380K) : metal2_slit has 0 polygons
2026-01-24 16:50:27 +0100: Memory Usage (437508K) : metal2_text has 0 polygons
2026-01-24 16:50:27 +0100: Memory Usage (437508K) : metal2_opc has 0 polygons
2026-01-24 16:50:27 +0100: Memory Usage (437636K) : metal2_noqrc has 0 polygons
2026-01-24 16:50:27 +0100: Memory Usage (437764K) : metal2_res has 0 polygons
2026-01-24 16:50:27 +0100: Memory Usage (437764K) : metal2_iprobe has 0 polygons
2026-01-24 16:50:27 +0100: Memory Usage (437764K) : metal2_diffprb has 0 polygons
2026-01-24 16:50:27 +0100: Memory Usage (437892K) : baspoly_drw has 0 polygons
2026-01-24 16:50:27 +0100: Memory Usage (437892K) : baspoly_pin has 0 polygons
2026-01-24 16:50:27 +0100: Memory Usage (438020K) : psd_drw has 73 polygons
2026-01-24 16:50:27 +0100: Memory Usage (438020K) : nldb_drw has 0 polygons
2026-01-24 16:50:27 +0100: Memory Usage (438148K) : digibnd_drw has 0 polygons
2026-01-24 16:50:27 +0100: Memory Usage (438148K) : via1_drw has 24 polygons
2026-01-24 16:50:27 +0100: Memory Usage (438148K) : backmetal1_drw has 0 polygons
2026-01-24 16:50:27 +0100: Memory Usage (438276K) : backmetal1_pin has 0 polygons
2026-01-24 16:50:27 +0100: Memory Usage (438276K) : backmetal1_mask has 0 polygons
2026-01-24 16:50:27 +0100: Memory Usage (438404K) : backmetal1_filler has 0 polygons
2026-01-24 16:50:27 +0100: Memory Usage (438404K) : backmetal1_nofill has 0 polygons
2026-01-24 16:50:27 +0100: Memory Usage (438532K) : backmetal1_slit has 0 polygons
2026-01-24 16:50:27 +0100: Memory Usage (438532K) : backmetal1_text has 0 polygons
2026-01-24 16:50:27 +0100: Memory Usage (438532K) : backmetal1_opc has 0 polygons
2026-01-24 16:50:27 +0100: Memory Usage (438660K) : backmetal1_noqrc has 0 polygons
2026-01-24 16:50:27 +0100: Memory Usage (438660K) : backmetal1_res has 0 polygons
2026-01-24 16:50:27 +0100: Memory Usage (438788K) : backmetal1_iprobe has 0 polygons
2026-01-24 16:50:27 +0100: Memory Usage (438788K) : backmetal1_diffprb has 0 polygons
2026-01-24 16:50:27 +0100: Memory Usage (438916K) : backpassiv_drw has 0 polygons
2026-01-24 16:50:27 +0100: Memory Usage (438916K) : res_drw has 0 polygons
2026-01-24 16:50:27 +0100: Memory Usage (438916K) : sram_drw has 0 polygons
2026-01-24 16:50:27 +0100: Memory Usage (439044K) : trans_drw has 0 polygons
2026-01-24 16:50:27 +0100: Memory Usage (439172K) : ind_drw has 0 polygons
2026-01-24 16:50:27 +0100: Memory Usage (439172K) : ind_pin has 0 polygons
2026-01-24 16:50:27 +0100: Memory Usage (439300K) : ind_text has 0 polygons
2026-01-24 16:50:27 +0100: Memory Usage (439300K) : salblock_drw has 0 polygons
2026-01-24 16:50:27 +0100: Memory Usage (439428K) : via2_drw has 16 polygons
2026-01-24 16:50:27 +0100: Memory Usage (439428K) : metal3_drw has 10 polygons
2026-01-24 16:50:27 +0100: Memory Usage (439556K) : metal3_pin has 8 polygons
2026-01-24 16:50:27 +0100: Memory Usage (439556K) : metal3_mask has 0 polygons
2026-01-24 16:50:27 +0100: Memory Usage (439684K) : metal3_filler has 0 polygons
2026-01-24 16:50:27 +0100: Memory Usage (439684K) : metal3_nofill has 0 polygons
2026-01-24 16:50:27 +0100: Memory Usage (439812K) : metal3_slit has 0 polygons
2026-01-24 16:50:27 +0100: Memory Usage (439940K) : metal3_text has 7 polygons
2026-01-24 16:50:27 +0100: Memory Usage (439940K) : metal3_opc has 0 polygons
2026-01-24 16:50:27 +0100: Memory Usage (439940K) : metal3_noqrc has 0 polygons
2026-01-24 16:50:27 +0100: Memory Usage (440068K) : metal3_res has 0 polygons
2026-01-24 16:50:27 +0100: Memory Usage (440068K) : metal3_iprobe has 0 polygons
2026-01-24 16:50:27 +0100: Memory Usage (440196K) : metal3_diffprb has 0 polygons
2026-01-24 16:50:27 +0100: Memory Usage (440196K) : nwell_drw has 76 polygons
2026-01-24 16:50:27 +0100: Memory Usage (440324K) : nwell_pin has 0 polygons
2026-01-24 16:50:27 +0100: Memory Usage (440324K) : nbulay_drw has 0 polygons
2026-01-24 16:50:27 +0100: Memory Usage (440324K) : nbulay_pin has 0 polygons
2026-01-24 16:50:27 +0100: Memory Usage (440452K) : nbulay_block has 0 polygons
2026-01-24 16:50:27 +0100: Memory Usage (440452K) : emwind_drw has 0 polygons
2026-01-24 16:50:27 +0100: Memory Usage (440580K) : emwind_opc has 0 polygons
2026-01-24 16:50:27 +0100: Memory Usage (440708K) : deepco_drw has 0 polygons
2026-01-24 16:50:27 +0100: Memory Usage (440708K) : deepco_drw has 0 polygons
2026-01-24 16:50:27 +0100: Memory Usage (440836K) : mim_drw has 0 polygons
2026-01-24 16:50:27 +0100: Memory Usage (440836K) : edgeseal_drw has 0 polygons
2026-01-24 16:50:27 +0100: Memory Usage (440964K) : edgeseal_bound has 0 polygons
2026-01-24 16:50:27 +0100: Memory Usage (440964K) : substrate_drw has 72 polygons
2026-01-24 16:50:27 +0100: Memory Usage (441092K) : substrate_text has 0 polygons
2026-01-24 16:50:27 +0100: Memory Usage (441092K) : dfpad_drw has 0 polygons
2026-01-24 16:50:27 +0100: Memory Usage (441220K) : dfpad_pillar has 0 polygons
2026-01-24 16:50:27 +0100: Memory Usage (441220K) : dfpad_sbump has 0 polygons
2026-01-24 16:50:27 +0100: Memory Usage (441220K) : thickgateox_drw has 0 polygons
2026-01-24 16:50:27 +0100: Memory Usage (441348K) : pldb_drw has 0 polygons
2026-01-24 16:50:27 +0100: Memory Usage (441348K) : pwell_drw has 0 polygons
2026-01-24 16:50:27 +0100: Memory Usage (441476K) : pwell_pin has 0 polygons
2026-01-24 16:50:27 +0100: Memory Usage (441476K) : pwell_block has 0 polygons
2026-01-24 16:50:27 +0100: Memory Usage (441604K) : ic_drw has 0 polygons
2026-01-24 16:50:27 +0100: Memory Usage (441604K) : via3_drw has 0 polygons
2026-01-24 16:50:27 +0100: Memory Usage (441732K) : metal4_drw has 0 polygons
2026-01-24 16:50:27 +0100: Memory Usage (441732K) : metal4_pin has 0 polygons
2026-01-24 16:50:27 +0100: Memory Usage (441860K) : metal4_mask has 0 polygons
2026-01-24 16:50:27 +0100: Memory Usage (441860K) : metal4_filler has 0 polygons
2026-01-24 16:50:27 +0100: Memory Usage (441988K) : metal4_nofill has 0 polygons
2026-01-24 16:50:27 +0100: Memory Usage (441988K) : metal4_slit has 0 polygons
2026-01-24 16:50:27 +0100: Memory Usage (441988K) : metal4_text has 0 polygons
2026-01-24 16:50:27 +0100: Memory Usage (442116K) : metal4_opc has 0 polygons
2026-01-24 16:50:27 +0100: Memory Usage (442116K) : metal4_noqrc has 0 polygons
2026-01-24 16:50:27 +0100: Memory Usage (442244K) : metal4_res has 0 polygons
2026-01-24 16:50:27 +0100: Memory Usage (442372K) : metal4_iprobe has 0 polygons
2026-01-24 16:50:27 +0100: Memory Usage (442372K) : metal4_diffprb has 0 polygons
2026-01-24 16:50:27 +0100: Memory Usage (442500K) : heattrans_drw has 466 polygons
2026-01-24 16:50:27 +0100: Memory Usage (442500K) : heatres_drw has 0 polygons
2026-01-24 16:50:27 +0100: Memory Usage (442500K) : pempoly_drw has 0 polygons
2026-01-24 16:50:27 +0100: Memory Usage (442628K) : fbe_drw has 0 polygons
2026-01-24 16:50:27 +0100: Memory Usage (442628K) : empoly_drw has 0 polygons
2026-01-24 16:50:27 +0100: Memory Usage (442756K) : ldmos_drw has 0 polygons
2026-01-24 16:50:27 +0100: Memory Usage (442884K) : pbiwind_drw has 0 polygons
2026-01-24 16:50:27 +0100: Memory Usage (442884K) : digisub_drw has 0 polygons
2026-01-24 16:50:27 +0100: Memory Usage (442884K) : nodrc_drw has 0 polygons
2026-01-24 16:50:27 +0100: Memory Usage (443012K) : text_drw has 74 polygons
2026-01-24 16:50:27 +0100: Memory Usage (443012K) : via4_drw has 0 polygons
2026-01-24 16:50:27 +0100: Memory Usage (443140K) : metal5_drw has 0 polygons
2026-01-24 16:50:27 +0100: Memory Usage (443140K) : metal5_pin has 0 polygons
2026-01-24 16:50:27 +0100: Memory Usage (443268K) : metal5_mask has 0 polygons
2026-01-24 16:50:27 +0100: Memory Usage (443268K) : metal5_filler has 0 polygons
2026-01-24 16:50:27 +0100: Memory Usage (443268K) : metal5_nofill has 0 polygons
2026-01-24 16:50:27 +0100: Memory Usage (443396K) : metal5_slit has 0 polygons
2026-01-24 16:50:27 +0100: Memory Usage (443396K) : metal5_text has 0 polygons
2026-01-24 16:50:27 +0100: Memory Usage (443524K) : metal5_opc has 0 polygons
2026-01-24 16:50:27 +0100: Memory Usage (443524K) : metal5_noqrc has 0 polygons
2026-01-24 16:50:27 +0100: Memory Usage (443652K) : metal5_res has 0 polygons
2026-01-24 16:50:27 +0100: Memory Usage (443652K) : metal5_iprobe has 0 polygons
2026-01-24 16:50:27 +0100: Memory Usage (443652K) : metal5_diffprb has 0 polygons
2026-01-24 16:50:27 +0100: Memory Usage (443780K) : radhard_drw has 0 polygons
2026-01-24 16:50:27 +0100: Memory Usage (443908K) : memcap_drw has 0 polygons
2026-01-24 16:50:27 +0100: Memory Usage (444036K) : varicap_drw has 0 polygons
2026-01-24 16:50:27 +0100: Memory Usage (444036K) : flash_drw has 0 polygons
2026-01-24 16:50:27 +0100: Memory Usage (444164K) : intbondvia_drw has 0 polygons
2026-01-24 16:50:27 +0100: Memory Usage (444164K) : intbondmet_drw has 0 polygons
2026-01-24 16:50:27 +0100: Memory Usage (444164K) : devbondvia_drw has 0 polygons
2026-01-24 16:50:27 +0100: Memory Usage (444292K) : devbondmet_drw has 0 polygons
2026-01-24 16:50:27 +0100: Memory Usage (444292K) : devtrench_drw has 0 polygons
2026-01-24 16:50:27 +0100: Memory Usage (444420K) : redist_drw has 0 polygons
2026-01-24 16:50:27 +0100: Memory Usage (444420K) : graphbot_drw has 0 polygons
2026-01-24 16:50:27 +0100: Memory Usage (444548K) : graphtop_drw has 0 polygons
2026-01-24 16:50:27 +0100: Memory Usage (444548K) : antvia1_drw has 0 polygons
2026-01-24 16:50:27 +0100: Memory Usage (444548K) : antmetal2_drw has 0 polygons
2026-01-24 16:50:27 +0100: Memory Usage (444676K) : graphcont_drw has 0 polygons
2026-01-24 16:50:27 +0100: Memory Usage (444676K) : siwg_drw has 0 polygons
2026-01-24 16:50:27 +0100: Memory Usage (444804K) : siwg_filler has 0 polygons
2026-01-24 16:50:27 +0100: Memory Usage (444804K) : siwg_nofill has 0 polygons
2026-01-24 16:50:27 +0100: Memory Usage (444932K) : sigrating_drw has 0 polygons
2026-01-24 16:50:27 +0100: Memory Usage (444932K) : singrating_drw has 0 polygons
2026-01-24 16:50:27 +0100: Memory Usage (445060K) : graphpas_drw has 0 polygons
2026-01-24 16:50:27 +0100: Memory Usage (445060K) : emwind3_drw has 0 polygons
2026-01-24 16:50:27 +0100: Memory Usage (445188K) : emwihv3_drw has 0 polygons
2026-01-24 16:50:27 +0100: Memory Usage (445188K) : redbulay_drw has 0 polygons
2026-01-24 16:50:27 +0100: Memory Usage (445316K) : smos_drw has 0 polygons
2026-01-24 16:50:27 +0100: Memory Usage (445316K) : graphpad_drw has 0 polygons
2026-01-24 16:50:27 +0100: Memory Usage (445444K) : polimide_drw has 0 polygons
2026-01-24 16:50:27 +0100: Memory Usage (445444K) : polimide_pin has 0 polygons
2026-01-24 16:50:27 +0100: Memory Usage (445572K) : recog_drw has 0 polygons
2026-01-24 16:50:27 +0100: Memory Usage (445572K) : recog_pin has 0 polygons
2026-01-24 16:50:27 +0100: Memory Usage (445572K) : recog_esd has 0 polygons
2026-01-24 16:50:27 +0100: Memory Usage (445700K) : recog_diode has 0 polygons
2026-01-24 16:50:27 +0100: Memory Usage (445700K) : recog_tsv has 0 polygons
2026-01-24 16:50:27 +0100: Memory Usage (445700K) : recog_iprobe has 0 polygons
2026-01-24 16:50:27 +0100: Memory Usage (445828K) : recog_diffprb has 0 polygons
2026-01-24 16:50:27 +0100: Memory Usage (445828K) : recog_pillar has 0 polygons
2026-01-24 16:50:27 +0100: Memory Usage (445828K) : recog_sbump has 0 polygons
2026-01-24 16:50:27 +0100: Memory Usage (445956K) : recog_otp has 0 polygons
2026-01-24 16:50:27 +0100: Memory Usage (445956K) : recog_pdiode has 0 polygons
2026-01-24 16:50:27 +0100: Memory Usage (445956K) : recog_mom has 0 polygons
2026-01-24 16:50:27 +0100: Memory Usage (445956K) : recog_pcm has 0 polygons
2026-01-24 16:50:27 +0100: Memory Usage (446084K) : colopen_drw has 0 polygons
2026-01-24 16:50:27 +0100: Memory Usage (446084K) : graphmetal1_drw has 0 polygons
2026-01-24 16:50:27 +0100: Memory Usage (446084K) : graphmetal1_filler has 0 polygons
2026-01-24 16:50:27 +0100: Memory Usage (446212K) : graphmetal1_nofill has 0 polygons
2026-01-24 16:50:27 +0100: Memory Usage (446212K) : graphmetal1_slit has 0 polygons
2026-01-24 16:50:27 +0100: Memory Usage (446212K) : graphmetal1_opc has 0 polygons
2026-01-24 16:50:27 +0100: Memory Usage (446212K) : graphmet1l_drw has 0 polygons
2026-01-24 16:50:27 +0100: Memory Usage (446340K) : graphmet1l_filler has 0 polygons
2026-01-24 16:50:27 +0100: Memory Usage (446340K) : graphmet1l_nofill has 0 polygons
2026-01-24 16:50:27 +0100: Memory Usage (446468K) : graphmet1l_slit has 0 polygons
2026-01-24 16:50:27 +0100: Memory Usage (446468K) : graphmet1l_opc has 0 polygons
2026-01-24 16:50:27 +0100: Memory Usage (446596K) : extblock_drw has 0 polygons
2026-01-24 16:50:27 +0100: Memory Usage (446596K) : nldd_drw has 0 polygons
2026-01-24 16:50:27 +0100: Memory Usage (446596K) : pldd_drw has 0 polygons
2026-01-24 16:50:27 +0100: Memory Usage (446724K) : next_drw has 0 polygons
2026-01-24 16:50:27 +0100: Memory Usage (446724K) : pext_drw has 0 polygons
2026-01-24 16:50:27 +0100: Memory Usage (446852K) : nexthv_drw has 0 polygons
2026-01-24 16:50:27 +0100: Memory Usage (446852K) : pexthv_drw has 0 polygons
2026-01-24 16:50:27 +0100: Memory Usage (446980K) : graphgate_drw has 0 polygons
2026-01-24 16:50:27 +0100: Memory Usage (446980K) : sinwg_drw has 0 polygons
2026-01-24 16:50:27 +0100: Memory Usage (446980K) : sinwg_filler has 0 polygons
2026-01-24 16:50:27 +0100: Memory Usage (447108K) : sinwg_nofill has 0 polygons
2026-01-24 16:50:27 +0100: Memory Usage (447108K) : mempad_drw has 0 polygons
2026-01-24 16:50:27 +0100: Memory Usage (447108K) : topvia1_drw has 0 polygons
2026-01-24 16:50:27 +0100: Memory Usage (447108K) : topmetal1_drw has 0 polygons
2026-01-24 16:50:27 +0100: Memory Usage (447236K) : topmetal1_pin has 0 polygons
2026-01-24 16:50:27 +0100: Memory Usage (447236K) : topmetal1_mask has 0 polygons
2026-01-24 16:50:27 +0100: Memory Usage (447236K) : topmetal1_filler has 0 polygons
2026-01-24 16:50:27 +0100: Memory Usage (447364K) : topmetal1_nofill has 0 polygons
2026-01-24 16:50:27 +0100: Memory Usage (447364K) : topmetal1_slit has 0 polygons
2026-01-24 16:50:27 +0100: Memory Usage (447492K) : topmetal1_text has 0 polygons
2026-01-24 16:50:27 +0100: Memory Usage (447492K) : topmetal1_noqrc has 0 polygons
2026-01-24 16:50:27 +0100: Memory Usage (447492K) : topmetal1_res has 0 polygons
2026-01-24 16:50:27 +0100: Memory Usage (447620K) : topmetal1_iprobe has 0 polygons
2026-01-24 16:50:27 +0100: Memory Usage (447620K) : topmetal1_diffprb has 0 polygons
2026-01-24 16:50:27 +0100: Memory Usage (447748K) : inldpwl_drw has 0 polygons
2026-01-24 16:50:27 +0100: Memory Usage (447748K) : polyres_drw has 0 polygons
2026-01-24 16:50:27 +0100: Memory Usage (447748K) : polyres_pin has 0 polygons
2026-01-24 16:50:27 +0100: Memory Usage (447876K) : vmim_drw has 0 polygons
2026-01-24 16:50:27 +0100: Memory Usage (447876K) : nbulaycut_drw has 0 polygons
2026-01-24 16:50:27 +0100: Memory Usage (447876K) : antmetal1_drw has 0 polygons
2026-01-24 16:50:27 +0100: Memory Usage (448004K) : topvia2_drw has 0 polygons
2026-01-24 16:50:27 +0100: Memory Usage (448004K) : topmetal2_drw has 0 polygons
2026-01-24 16:50:27 +0100: Memory Usage (448132K) : topmetal2_pin has 0 polygons
2026-01-24 16:50:27 +0100: Memory Usage (448132K) : topmetal2_mask has 0 polygons
2026-01-24 16:50:27 +0100: Memory Usage (448260K) : topmetal2_filler has 0 polygons
2026-01-24 16:50:27 +0100: Memory Usage (448260K) : topmetal2_nofill has 0 polygons
2026-01-24 16:50:27 +0100: Memory Usage (448260K) : topmetal2_slit has 0 polygons
2026-01-24 16:50:27 +0100: Memory Usage (448388K) : topmetal2_text has 0 polygons
2026-01-24 16:50:27 +0100: Memory Usage (448388K) : topmetal2_noqrc has 0 polygons
2026-01-24 16:50:27 +0100: Memory Usage (448516K) : topmetal2_res has 0 polygons
2026-01-24 16:50:27 +0100: Memory Usage (448516K) : topmetal2_iprobe has 0 polygons
2026-01-24 16:50:27 +0100: Memory Usage (448644K) : topmetal2_diffprb has 0 polygons
2026-01-24 16:50:27 +0100: Memory Usage (448644K) : snsring_drw has 0 polygons
2026-01-24 16:50:27 +0100: Memory Usage (448644K) : sensor_drw has 0 polygons
2026-01-24 16:50:27 +0100: Memory Usage (448772K) : snsarms_drw has 0 polygons
2026-01-24 16:50:27 +0100: Memory Usage (448772K) : snscmosvia_drw has 0 polygons
2026-01-24 16:50:27 +0100: Memory Usage (448900K) : colwind_drw has 0 polygons
2026-01-24 16:50:27 +0100: Memory Usage (448900K) : flm_drw has 0 polygons
2026-01-24 16:50:27 +0100: Memory Usage (449028K) : hafniumox_drw has 0 polygons
2026-01-24 16:50:27 +0100: Memory Usage (449028K) : memvia_drw has 0 polygons
2026-01-24 16:50:27 +0100: Memory Usage (449028K) : thinfilmres_drw has 0 polygons
2026-01-24 16:50:27 +0100: Memory Usage (449156K) : rfmem_drw has 0 polygons
2026-01-24 16:50:27 +0100: Memory Usage (449156K) : norcx_drw has 0 polygons
2026-01-24 16:50:27 +0100: Memory Usage (449156K) : norcx_m2m3 has 0 polygons
2026-01-24 16:50:27 +0100: Memory Usage (449156K) : norcx_m2m4 has 0 polygons
2026-01-24 16:50:27 +0100: Memory Usage (449284K) : norcx_m2m5 has 0 polygons
2026-01-24 16:50:27 +0100: Memory Usage (449284K) : norcx_m2tm1 has 0 polygons
2026-01-24 16:50:27 +0100: Memory Usage (449284K) : norcx_m2tm2 has 0 polygons
2026-01-24 16:50:27 +0100: Memory Usage (449412K) : norcx_m3m4 has 0 polygons
2026-01-24 16:50:27 +0100: Memory Usage (449412K) : norcx_m3m5 has 0 polygons
2026-01-24 16:50:27 +0100: Memory Usage (449412K) : norcx_m3tm1 has 0 polygons
2026-01-24 16:50:27 +0100: Memory Usage (449540K) : norcx_m3tm2 has 0 polygons
2026-01-24 16:50:27 +0100: Memory Usage (449540K) : norcx_m4m5 has 0 polygons
2026-01-24 16:50:27 +0100: Memory Usage (449540K) : norcx_m4tm1 has 0 polygons
2026-01-24 16:50:27 +0100: Memory Usage (449540K) : norcx_m4tm2 has 0 polygons
2026-01-24 16:50:27 +0100: Memory Usage (449668K) : norcx_m5tm1 has 0 polygons
2026-01-24 16:50:27 +0100: Memory Usage (449668K) : norcx_m5tm2 has 0 polygons
2026-01-24 16:50:27 +0100: Memory Usage (449668K) : norcx_tm1tm2 has 0 polygons
2026-01-24 16:50:27 +0100: Memory Usage (449796K) : norcx_m1sub has 0 polygons
2026-01-24 16:50:27 +0100: Memory Usage (449796K) : norcx_m2sub has 0 polygons
2026-01-24 16:50:27 +0100: Memory Usage (449796K) : norcx_m3sub has 0 polygons
2026-01-24 16:50:27 +0100: Memory Usage (449924K) : norcx_m4sub has 0 polygons
2026-01-24 16:50:27 +0100: Memory Usage (449924K) : norcx_m5sub has 0 polygons
2026-01-24 16:50:27 +0100: Memory Usage (449924K) : norcx_tm1sub has 0 polygons
2026-01-24 16:50:27 +0100: Memory Usage (449924K) : norcx_tm2sub has 0 polygons
2026-01-24 16:50:27 +0100: Memory Usage (450052K) : snsbotvia_drw has 0 polygons
2026-01-24 16:50:27 +0100: Memory Usage (450052K) : snstopvia_drw has 0 polygons
2026-01-24 16:50:27 +0100: Memory Usage (450052K) : deepvia_drw has 0 polygons
2026-01-24 16:50:27 +0100: Memory Usage (450180K) : fgetch_drw has 0 polygons
2026-01-24 16:50:27 +0100: Memory Usage (450180K) : ctrgat_drw has 0 polygons
2026-01-24 16:50:27 +0100: Memory Usage (450180K) : fgimp_drw has 0 polygons
2026-01-24 16:50:27 +0100: Memory Usage (450180K) : emwihv_drw has 0 polygons
2026-01-24 16:50:27 +0100: Memory Usage (450308K) : lbe_drw has 0 polygons
2026-01-24 16:50:27 +0100: Memory Usage (450308K) : alcustop_drw has 0 polygons
2026-01-24 16:50:27 +0100: Memory Usage (450436K) : nometfiller_drw has 0 polygons
2026-01-24 16:50:27 +0100: Memory Usage (450436K) : prboundary_drw has 0 polygons
2026-01-24 16:50:27 +0100: Memory Usage (450436K) : exchange0_drw has 0 polygons
2026-01-24 16:50:27 +0100: Memory Usage (450564K) : exchange0_pin has 0 polygons
2026-01-24 16:50:27 +0100: Memory Usage (450564K) : exchange0_text has 0 polygons
2026-01-24 16:50:27 +0100: Memory Usage (450692K) : exchange1_drw has 0 polygons
2026-01-24 16:50:27 +0100: Memory Usage (450692K) : exchange1_pin has 0 polygons
2026-01-24 16:50:27 +0100: Memory Usage (450692K) : exchange1_text has 0 polygons
2026-01-24 16:50:27 +0100: Memory Usage (450820K) : exchange2_drw has 0 polygons
2026-01-24 16:50:27 +0100: Memory Usage (450820K) : exchange2_pin has 0 polygons
2026-01-24 16:50:27 +0100: Memory Usage (450948K) : exchange2_text has 0 polygons
2026-01-24 16:50:27 +0100: Memory Usage (450948K) : exchange3_drw has 0 polygons
2026-01-24 16:50:27 +0100: Memory Usage (450948K) : exchange3_pin has 0 polygons
2026-01-24 16:50:27 +0100: Memory Usage (450948K) : exchange3_text has 0 polygons
2026-01-24 16:50:27 +0100: Memory Usage (450948K) : exchange4_drw has 0 polygons
2026-01-24 16:50:27 +0100: Memory Usage (450948K) : exchange4_pin has 0 polygons
2026-01-24 16:50:27 +0100: Memory Usage (450948K) : exchange4_text has 0 polygons
2026-01-24 16:50:27 +0100: Memory Usage (450948K) : isonwell_drw has 0 polygons
2026-01-24 16:50:27 +0100: Memory Usage (450948K) : Total no. of polygons in the design is 4795
2026-01-24 16:50:27 +0100: Memory Usage (450948K) : Loaded TECH DRC rules values from /foss/pdks/ihp-sg13g2/libs.tech/klayout/python/sg13g2_pycell_lib/sg13g2_tech_mod.json
2026-01-24 16:50:27 +0100: Memory Usage (450948K) : Loaded default DRC rules values from /foss/pdks/ihp-sg13g2/libs.tech/klayout/tech/drc/rule_decks/sg13g2_tech_default.json
2026-01-24 16:50:27 +0100: Memory Usage (450948K) : The following rules values were missing in tech json and default values were used:
2026-01-24 16:50:27 +0100: Memory Usage (450948K) :   - Cnt_c_digibnd
2026-01-24 16:50:27 +0100: Memory Usage (452356K) : Total area of the design is 1110.0704 um^2.
2026-01-24 16:50:27 +0100: Memory Usage (452356K) : The design dimensions are 52.760000000000005 µm * 21.040000000000003 µm.
2026-01-24 16:50:27 +0100: Memory Usage (452356K) : Starting general IHP-SG13G2 derivations.
2026-01-24 16:50:27 +0100: Memory Usage (452356K) : Starting Pwell derivations
2026-01-24 16:50:27 +0100: Memory Usage (454660K) : Starting n-Activ derivations
2026-01-24 16:50:27 +0100: Memory Usage (455300K) : Starting p-Activ derivations
2026-01-24 16:50:27 +0100: Memory Usage (455300K) : Starting ptap derivations
2026-01-24 16:50:27 +0100: Memory Usage (455428K) : Starting ntap derivations
2026-01-24 16:50:27 +0100: Memory Usage (455428K) : Starting pact FET derivations
2026-01-24 16:50:27 +0100: Memory Usage (455428K) : Starting nact FET derivations
2026-01-24 16:50:27 +0100: Memory Usage (455556K) : Starting Gate derivations
2026-01-24 16:50:27 +0100: Memory Usage (455684K) : Starting cont/contbar general derivations
2026-01-24 16:50:27 +0100: Memory Usage (455940K) : Starting pad general derivations
2026-01-24 16:50:27 +0100: Memory Usage (456196K) : Starting IHP-SG13G2 DRC connectivity related derivations.
2026-01-24 16:50:27 +0100: Memory Usage (457092K) : Starting IHP-SG13G2 DRC connectivity setup
2026-01-24 16:50:27 +0100: Memory Usage (458244K) : Starting IHP-SG13G2 DRC rules.
2026-01-24 16:50:27 +0100: Memory Usage (458244K) : Running all FEOL rules
2026-01-24 16:50:27 +0100: Memory Usage (458244K) : Running all BEOL rules
2026-01-24 16:50:27 +0100: Memory Usage (458244K) : Running all PIN rules
2026-01-24 16:50:27 +0100: Memory Usage (458244K) : Running all FORBIDDEN rules
2026-01-24 16:50:27 +0100: Memory Usage (458244K) : Starting 5.1 NWell table
2026-01-24 16:50:27 +0100: Memory Usage (458244K) : Executing rule NW.b
2026-01-24 16:50:27 +0100: Memory Usage (459140K) : Executing rule NW.b1
2026-01-24 16:50:27 +0100: Memory Usage (459396K) : Starting 5.2 PWell:block
2026-01-24 16:50:27 +0100: Memory Usage (459396K) : Executing rule PWB.e
2026-01-24 16:50:27 +0100: Memory Usage (459524K) : Executing rule PWB.e1
2026-01-24 16:50:27 +0100: Memory Usage (459652K) : Executing rule PWB.f
2026-01-24 16:50:27 +0100: Memory Usage (459780K) : Executing rule PWB.f1
2026-01-24 16:50:27 +0100: Memory Usage (460036K) : Starting 5.3 nBuLay table
2026-01-24 16:50:27 +0100: Memory Usage (460036K) : Executing rule NBL.b
2026-01-24 16:50:27 +0100: Memory Usage (460036K) : Executing rule NBL.c
2026-01-24 16:50:27 +0100: Memory Usage (460036K) : Executing rule NBL.d
2026-01-24 16:50:27 +0100: Memory Usage (460036K) : Executing rule NBL.e
2026-01-24 16:50:27 +0100: Memory Usage (460036K) : Executing rule NBL.f
2026-01-24 16:50:27 +0100: Memory Usage (460036K) : Starting 5.5. Activ table
2026-01-24 16:50:27 +0100: Memory Usage (460036K) : Executing rule Act.a
2026-01-24 16:50:27 +0100: Memory Usage (460036K) : Executing rule Act.b
2026-01-24 16:50:28 +0100: Memory Usage (460164K) : Starting 5.6 Activ:filler table
2026-01-24 16:50:28 +0100: Memory Usage (460164K) : Executing rule AFil.c1
2026-01-24 16:50:28 +0100: Memory Usage (460164K) : Executing rule AFil.c
2026-01-24 16:50:28 +0100: Memory Usage (460164K) : Executing rule AFil.d
2026-01-24 16:50:28 +0100: Memory Usage (460164K) : Executing rule AFil.e
2026-01-24 16:50:28 +0100: Memory Usage (460164K) : Executing rule AFil.j
2026-01-24 16:50:28 +0100: Memory Usage (460164K) : Starting 5.7. ThickGateOx table
2026-01-24 16:50:28 +0100: Memory Usage (460164K) : Executing rule TGO.f
2026-01-24 16:50:28 +0100: Memory Usage (460164K) : Starting 5.8. GatPoly table
2026-01-24 16:50:28 +0100: Memory Usage (460164K) : Executing rule Gat.a
2026-01-24 16:50:28 +0100: Memory Usage (460164K) : Executing rule Gat.b
2026-01-24 16:50:28 +0100: Memory Usage (460292K) : Executing rule Gat.d
2026-01-24 16:50:28 +0100: Memory Usage (460548K) : Executing rule Gat.a1
2026-01-24 16:50:28 +0100: Memory Usage (461188K) : Executing rule Gat.a2
2026-01-24 16:50:28 +0100: Memory Usage (461188K) : Executing rule Gat.g
2026-01-24 16:50:28 +0100: Memory Usage (461188K) : Starting 5.9 GatPoly:filler
2026-01-24 16:50:28 +0100: Memory Usage (461188K) : Executing rule GFil.d
2026-01-24 16:50:28 +0100: Memory Usage (461188K) : Executing rule GFil.e
2026-01-24 16:50:28 +0100: Memory Usage (461188K) : Executing rule GFil.i
2026-01-24 16:50:28 +0100: Memory Usage (461188K) : Starting 5.10 pSD table
2026-01-24 16:50:28 +0100: Memory Usage (461188K) : Executing rule pSD.c1
2026-01-24 16:50:28 +0100: Memory Usage (461188K) : Starting 5.14. Cont table
2026-01-24 16:50:28 +0100: Memory Usage (461188K) : Executing rule Cnt.a
2026-01-24 16:50:28 +0100: Memory Usage (461188K) : Executing rule Cnt.b
2026-01-24 16:50:28 +0100: Memory Usage (461188K) : Executing rule Cnt.c
2026-01-24 16:50:28 +0100: Memory Usage (461188K) : Executing rule Cnt.c
2026-01-24 16:50:28 +0100: Memory Usage (461188K) : Executing rule Cnt.d
2026-01-24 16:50:28 +0100: Memory Usage (461188K) : Executing rule Cnt.e
2026-01-24 16:50:28 +0100: Memory Usage (461188K) : Executing rule Cnt.g1
2026-01-24 16:50:28 +0100: Memory Usage (461188K) : Executing rule Cnt.g2
2026-01-24 16:50:28 +0100: Memory Usage (461188K) : Starting 5.15. ContBar table
2026-01-24 16:50:28 +0100: Memory Usage (461188K) : Executing rule CntB.b1
2026-01-24 16:50:28 +0100: Memory Usage (461188K) : Executing rule CntB.h1
2026-01-24 16:50:28 +0100: Memory Usage (461188K) : Starting 6.1.3 NPN Substrate-Tie table
2026-01-24 16:50:28 +0100: Memory Usage (461188K) : Executing rule npn13G2.bR 
2026-01-24 16:50:28 +0100: Memory Usage (461188K) : Executing rule npn13G2L.cR 
2026-01-24 16:50:28 +0100: Memory Usage (461188K) : Executing rule npn13G2V.cR 
2026-01-24 16:50:28 +0100: Memory Usage (461188K) : Starting 6.7 Schottky diode table
2026-01-24 16:50:28 +0100: Memory Usage (461188K) : Executing rule Sdiod.d
2026-01-24 16:50:28 +0100: Memory Usage (461188K) : Executing rule Sdiod.e
2026-01-24 16:50:28 +0100: Memory Usage (461188K) : Starting 7.2 Latch-up table
2026-01-24 16:50:28 +0100: Memory Usage (461188K) : Executing rule LU.b
2026-01-24 16:50:28 +0100: Memory Usage (461316K) : Starting 5.16. Metal1 table
2026-01-24 16:50:28 +0100: Memory Usage (461316K) : Executing rule M1.a
2026-01-24 16:50:28 +0100: Memory Usage (461316K) : Executing rule M1.b
2026-01-24 16:50:28 +0100: Memory Usage (461316K) : Executing rule M1.e
2026-01-24 16:50:28 +0100: Memory Usage (461316K) : Executing rule M1.f
2026-01-24 16:50:28 +0100: Memory Usage (461316K) : Executing rule M1.g
2026-01-24 16:50:28 +0100: Memory Usage (461316K) : Executing rule M1.i
2026-01-24 16:50:28 +0100: Memory Usage (461316K) : Starting 5.17 Metaln table
2026-01-24 16:50:28 +0100: Memory Usage (461316K) : Executing rule M2.a
2026-01-24 16:50:28 +0100: Memory Usage (461316K) : Executing rule M2.b
2026-01-24 16:50:28 +0100: Memory Usage (461316K) : Executing rule M2.e
2026-01-24 16:50:28 +0100: Memory Usage (461316K) : Executing rule M2.f
2026-01-24 16:50:28 +0100: Memory Usage (461316K) : Executing rule M2.g
2026-01-24 16:50:28 +0100: Memory Usage (461316K) : Executing rule M2.i
2026-01-24 16:50:28 +0100: Memory Usage (461316K) : Executing rule M3.a
2026-01-24 16:50:28 +0100: Memory Usage (461316K) : Executing rule M3.b
2026-01-24 16:50:28 +0100: Memory Usage (461316K) : Executing rule M3.e
2026-01-24 16:50:28 +0100: Memory Usage (461316K) : Executing rule M3.f
2026-01-24 16:50:28 +0100: Memory Usage (461316K) : Executing rule M3.g
2026-01-24 16:50:28 +0100: Memory Usage (461316K) : Executing rule M3.i
2026-01-24 16:50:28 +0100: Memory Usage (461316K) : Executing rule M4.a
2026-01-24 16:50:28 +0100: Memory Usage (461316K) : Executing rule M4.b
2026-01-24 16:50:28 +0100: Memory Usage (461316K) : Executing rule M4.e
2026-01-24 16:50:28 +0100: Memory Usage (461316K) : Executing rule M4.f
2026-01-24 16:50:28 +0100: Memory Usage (461316K) : Executing rule M4.g
2026-01-24 16:50:28 +0100: Memory Usage (461316K) : Executing rule M4.i
2026-01-24 16:50:28 +0100: Memory Usage (461316K) : Executing rule M5.a
2026-01-24 16:50:28 +0100: Memory Usage (461316K) : Executing rule M5.b
2026-01-24 16:50:28 +0100: Memory Usage (461316K) : Executing rule M5.e
2026-01-24 16:50:28 +0100: Memory Usage (461316K) : Executing rule M5.f
2026-01-24 16:50:28 +0100: Memory Usage (461316K) : Executing rule M5.g
2026-01-24 16:50:28 +0100: Memory Usage (461316K) : Executing rule M5.i
2026-01-24 16:50:28 +0100: Memory Usage (461316K) : Starting 5.18 Metaln:filler table
2026-01-24 16:50:28 +0100: Memory Usage (461316K) : Executing rule M1Fil.c
2026-01-24 16:50:28 +0100: Memory Usage (461316K) : Executing rule M1Fil.a2
2026-01-24 16:50:28 +0100: Memory Usage (461316K) : Executing rule M2Fil.c
2026-01-24 16:50:28 +0100: Memory Usage (461316K) : Executing rule M2Fil.a2
2026-01-24 16:50:28 +0100: Memory Usage (461316K) : Executing rule M3Fil.c
2026-01-24 16:50:28 +0100: Memory Usage (461316K) : Executing rule M3Fil.a2
2026-01-24 16:50:28 +0100: Memory Usage (461316K) : Executing rule M4Fil.c
2026-01-24 16:50:28 +0100: Memory Usage (461316K) : Executing rule M4Fil.a2
2026-01-24 16:50:28 +0100: Memory Usage (461316K) : Executing rule M5Fil.c
2026-01-24 16:50:28 +0100: Memory Usage (461316K) : Executing rule M5Fil.a2
2026-01-24 16:50:28 +0100: Memory Usage (461316K) : Starting 5.19. Via1 table
2026-01-24 16:50:28 +0100: Memory Usage (461316K) : Starting 5.19. Via1 table derivations
2026-01-24 16:50:28 +0100: Memory Usage (461316K) : Executing rule V1.a
2026-01-24 16:50:28 +0100: Memory Usage (461316K) : Executing rule V1.b
2026-01-24 16:50:28 +0100: Memory Usage (461316K) : Executing rule V1.c
2026-01-24 16:50:28 +0100: Memory Usage (461316K) : Starting 5.20. Vian table
2026-01-24 16:50:28 +0100: Memory Usage (461316K) : Executing rule V2.a
2026-01-24 16:50:28 +0100: Memory Usage (461316K) : Executing rule V2.b
2026-01-24 16:50:28 +0100: Memory Usage (461316K) : Executing rule V2.c
2026-01-24 16:50:28 +0100: Memory Usage (461316K) : Executing rule V3.a
2026-01-24 16:50:28 +0100: Memory Usage (461316K) : Executing rule V3.b
2026-01-24 16:50:28 +0100: Memory Usage (461316K) : Executing rule V3.c
2026-01-24 16:50:28 +0100: Memory Usage (461316K) : Executing rule V4.a
2026-01-24 16:50:28 +0100: Memory Usage (461316K) : Executing rule V4.b
2026-01-24 16:50:28 +0100: Memory Usage (461316K) : Executing rule V4.c
2026-01-24 16:50:28 +0100: Memory Usage (461316K) : Starting 5.21. TopVia1 table
2026-01-24 16:50:28 +0100: Memory Usage (461316K) : Executing rule TV1.a
2026-01-24 16:50:28 +0100: Memory Usage (461316K) : Executing rule TV1.b
2026-01-24 16:50:28 +0100: Memory Usage (461316K) : Executing rule TV1.c
2026-01-24 16:50:28 +0100: Memory Usage (461316K) : Executing rule TV1.d
2026-01-24 16:50:28 +0100: Memory Usage (461316K) : Starting 5.22. TopMetal1 table
2026-01-24 16:50:28 +0100: Memory Usage (461316K) : Executing rule TM1.a
2026-01-24 16:50:28 +0100: Memory Usage (461316K) : Executing rule TM1.b
2026-01-24 16:50:28 +0100: Memory Usage (461316K) : Starting 5.23 TopMetal1:filler table
2026-01-24 16:50:28 +0100: Memory Usage (461316K) : Executing rule TM1Fil.c
2026-01-24 16:50:28 +0100: Memory Usage (461316K) : Executing rule TM1Fil.a1
2026-01-24 16:50:28 +0100: Memory Usage (461316K) : Starting 5.24. TopVia2 table
2026-01-24 16:50:28 +0100: Memory Usage (461316K) : Executing rule TV2.a
2026-01-24 16:50:28 +0100: Memory Usage (461316K) : Executing rule TV2.b
2026-01-24 16:50:28 +0100: Memory Usage (461316K) : Executing rule TV2.c
2026-01-24 16:50:28 +0100: Memory Usage (461316K) : Executing rule TV2.d
2026-01-24 16:50:28 +0100: Memory Usage (461316K) : Starting 5.25. TopMetal2 table
2026-01-24 16:50:28 +0100: Memory Usage (461316K) : Executing rule TM2.a
2026-01-24 16:50:28 +0100: Memory Usage (461316K) : Executing rule TM2.b
2026-01-24 16:50:28 +0100: Memory Usage (461316K) : Executing rule TM2.bR
2026-01-24 16:50:28 +0100: Memory Usage (461316K) : Starting 5.26 TopMetal2:filler table
2026-01-24 16:50:28 +0100: Memory Usage (461316K) : Executing rule TM2Fil.c
2026-01-24 16:50:28 +0100: Memory Usage (461316K) : Executing rule TM2Fil.a1
2026-01-24 16:50:28 +0100: Memory Usage (461316K) : Starting 5.27. Passiv table
2026-01-24 16:50:28 +0100: Memory Usage (461316K) : Executing rule Pas.a
2026-01-24 16:50:28 +0100: Memory Usage (461316K) : Executing rule Pas.b
2026-01-24 16:50:28 +0100: Memory Usage (461316K) : Executing rule Pas.c
2026-01-24 16:50:28 +0100: Memory Usage (461316K) : Starting 6.9.2 Copper Pillar table
2026-01-24 16:50:28 +0100: Memory Usage (461316K) : Executing rule Padc.a
2026-01-24 16:50:28 +0100: Memory Usage (461316K) : Executing rule Padc.b
2026-01-24 16:50:28 +0100: Memory Usage (461316K) : Executing rule Padc.c
2026-01-24 16:50:28 +0100: Memory Usage (461316K) : Executing rule Padb.f
2026-01-24 16:50:28 +0100: Memory Usage (461316K) : Starting 6.9 Pad table
2026-01-24 16:50:28 +0100: Memory Usage (461316K) : Executing rule Pad.m
2026-01-24 16:50:28 +0100: Memory Usage (461316K) : Executing rule Pad.fR_M1
2026-01-24 16:50:28 +0100: Memory Usage (461316K) : Executing rule Pad.fR_M2
2026-01-24 16:50:28 +0100: Memory Usage (461316K) : Executing rule Pad.fR_M3
2026-01-24 16:50:28 +0100: Memory Usage (461316K) : Executing rule Pad.fR_M4
2026-01-24 16:50:28 +0100: Memory Usage (461316K) : Executing rule Pad.fR_M5
2026-01-24 16:50:28 +0100: Memory Usage (461316K) : Executing rule Pad.fR_TM1
2026-01-24 16:50:28 +0100: Memory Usage (461316K) : Executing rule Pad.fR_TM2
2026-01-24 16:50:28 +0100: Memory Usage (461316K) : Executing rule Pad.i
2026-01-24 16:50:28 +0100: Memory Usage (461316K) : Starting 6.9.1 Solder Bump
2026-01-24 16:50:28 +0100: Memory Usage (461316K) : Executing rule Padb.a
2026-01-24 16:50:28 +0100: Memory Usage (461316K) : Executing rule Padb.b
2026-01-24 16:50:28 +0100: Memory Usage (461316K) : Executing rule Padb.c
2026-01-24 16:50:28 +0100: Memory Usage (461316K) : Executing rule Padb.f
2026-01-24 16:50:28 +0100: Memory Usage (461316K) : Executing rule Padb.d
2026-01-24 16:50:28 +0100: Memory Usage (461316K) : Starting 6.10 Sealring table
2026-01-24 16:50:28 +0100: Memory Usage (461316K) : Executing rule Seal.l
2026-01-24 16:50:28 +0100: Memory Usage (461316K) : Executing rule Seal.n
2026-01-24 16:50:28 +0100: Memory Usage (461316K) : Executing rule seal.b_metal1
2026-01-24 16:50:28 +0100: Memory Usage (461316K) : Executing rule seal.b_metal2
2026-01-24 16:50:28 +0100: Memory Usage (461316K) : Executing rule seal.b_metal3
2026-01-24 16:50:28 +0100: Memory Usage (461316K) : Executing rule seal.b_metal4
2026-01-24 16:50:28 +0100: Memory Usage (461316K) : Executing rule seal.b_metal5
2026-01-24 16:50:28 +0100: Memory Usage (461316K) : Executing rule seal.b_topmetal1
2026-01-24 16:50:28 +0100: Memory Usage (461316K) : Executing rule seal.b_topmetal2
2026-01-24 16:50:28 +0100: Memory Usage (461316K) : Executing rule seal.b_activ
2026-01-24 16:50:28 +0100: Memory Usage (461316K) : Executing rule seal.b_psd
2026-01-24 16:50:28 +0100: Memory Usage (461316K) : Executing rule Seal.k
2026-01-24 16:50:28 +0100: Memory Usage (461316K) : Executing rule Seal.m
2026-01-24 16:50:28 +0100: Memory Usage (461316K) : Starting 6.11 MIM table
2026-01-24 16:50:28 +0100: Memory Usage (461316K) : Executing rule MIM.c
2026-01-24 16:50:28 +0100: Memory Usage (461316K) : Executing rule MIM.d
2026-01-24 16:50:28 +0100: Memory Usage (461316K) : Executing rule MIM.gR
2026-01-24 16:50:28 +0100: Memory Usage (461316K) : Starting 7.3 Metal Slits table
2026-01-24 16:50:28 +0100: Memory Usage (461316K) : Executing rule Slt.e1_M1
2026-01-24 16:50:28 +0100: Memory Usage (461316K) : Executing rule Slt.e1_M2
2026-01-24 16:50:28 +0100: Memory Usage (461316K) : Executing rule Slt.e1_M3
2026-01-24 16:50:28 +0100: Memory Usage (461316K) : Executing rule Slt.e1_M4
2026-01-24 16:50:28 +0100: Memory Usage (461316K) : Executing rule Slt.e1_M5
2026-01-24 16:50:28 +0100: Memory Usage (461316K) : Executing rule Slt.e1_TM1
2026-01-24 16:50:28 +0100: Memory Usage (461316K) : Executing rule Slt.e1_TM2
2026-01-24 16:50:28 +0100: Memory Usage (461316K) : Starting 9.1. LBE table
2026-01-24 16:50:28 +0100: Memory Usage (461316K) : Executing rule LBE.a
2026-01-24 16:50:28 +0100: Memory Usage (461316K) : Executing rule LBE.b
2026-01-24 16:50:28 +0100: Memory Usage (461316K) : Executing rule LBE.b1
2026-01-24 16:50:28 +0100: Memory Usage (461316K) : Executing rule LBE.c
2026-01-24 16:50:28 +0100: Memory Usage (461316K) : Executing rule LBE.d
2026-01-24 16:50:28 +0100: Memory Usage (461316K) : Executing rule LBE.h
2026-01-24 16:50:28 +0100: Memory Usage (461316K) : Starting 7.4. PIN table
2026-01-24 16:50:28 +0100: Memory Usage (461316K) : Executing rule Pin.a
2026-01-24 16:50:28 +0100: Memory Usage (461316K) : Executing rule Pin.b
2026-01-24 16:50:28 +0100: Memory Usage (461316K) : Executing rule Pin.e
2026-01-24 16:50:28 +0100: Memory Usage (461316K) : Executing rule Pin.f_M2
2026-01-24 16:50:28 +0100: Memory Usage (461316K) : Executing rule Pin.f_M3
2026-01-24 16:50:28 +0100: Memory Usage (461316K) : Executing rule Pin.f_M4
2026-01-24 16:50:28 +0100: Memory Usage (461316K) : Executing rule Pin.f_M5
2026-01-24 16:50:28 +0100: Memory Usage (461316K) : Executing rule Pin.g
2026-01-24 16:50:28 +0100: Memory Usage (461316K) : Executing rule Pin.h
2026-01-24 16:50:28 +0100: Memory Usage (461316K) : Starting 3.2. FORBIDDEN table
2026-01-24 16:50:28 +0100: Memory Usage (461316K) : Executing rule forbidden.biwind
2026-01-24 16:50:28 +0100: Memory Usage (461316K) : Executing rule forbidden.pemwind
2026-01-24 16:50:28 +0100: Memory Usage (461316K) : Executing rule forbidden.baspoly
2026-01-24 16:50:28 +0100: Memory Usage (461316K) : Executing rule forbidden.deepco
2026-01-24 16:50:28 +0100: Memory Usage (461316K) : Executing rule forbidden.pempoly
2026-01-24 16:50:28 +0100: Memory Usage (461316K) : Executing rule forbidden.empoly
2026-01-24 16:50:28 +0100: Memory Usage (461316K) : Executing rule forbidden.ldmos
2026-01-24 16:50:28 +0100: Memory Usage (461316K) : Executing rule forbidden.pbiwind
2026-01-24 16:50:28 +0100: Memory Usage (461316K) : Executing rule forbidden.nodrc
2026-01-24 16:50:28 +0100: Memory Usage (461316K) : Executing rule forbidden.flash
2026-01-24 16:50:28 +0100: Memory Usage (461316K) : Executing rule forbidden.colwind
2026-01-24 16:50:28 +0100: Memory Usage (461316K) : KLayout DRC run for tables 'main' completed in 1.06 seconds
