# Logfile created on 2026-01-27 22:13:19 +0100 by logger.rb/v1.5.3
2026-01-27 22:13:19 +0100: Memory Usage (434844K) : Starting running IHP-SG13G2 KLayout DRC runset on /foss/designs/HPAmplifier/OTA_Telescopic_final/OTA_Telescopic_FB.gds
2026-01-27 22:13:19 +0100: Memory Usage (434844K) : Ruby Version for klayout: 3.2.3
2026-01-27 22:13:19 +0100: Memory Usage (435868K) : Loading database to memory is complete.
2026-01-27 22:13:19 +0100: Memory Usage (435868K) : IHP-SG13G2 KLayout DRC runset output at: /foss/designs/HPAmplifier/OTA_Telescopic_final/drc_run_OTA_Telescopic_FB/OTA_Telescopic_FB_OTA_Telescopic_FB_main.lyrdb
2026-01-27 22:13:19 +0100: Memory Usage (435868K) : Evaluate switches.
2026-01-27 22:13:19 +0100: Memory Usage (435868K) : tables selected: main
2026-01-27 22:13:19 +0100: Memory Usage (435868K) : KLayout will use 1 thread(s) in tiled mode.
2026-01-27 22:13:19 +0100: Memory Usage (435868K) : deep mode is enabled.
2026-01-27 22:13:19 +0100: Memory Usage (435868K) : FEOL enabled: true
2026-01-27 22:13:19 +0100: Memory Usage (435868K) : BEOL enabled: true
2026-01-27 22:13:19 +0100: Memory Usage (435868K) : OFFGRID enabled: true
2026-01-27 22:13:19 +0100: Memory Usage (435868K) : PIN enabled: true
2026-01-27 22:13:19 +0100: Memory Usage (435868K) : FORBIDDEN enabled: true
2026-01-27 22:13:19 +0100: Memory Usage (435868K) : RECOMMENDED enabled: true
2026-01-27 22:13:19 +0100: Memory Usage (435868K) : PreCheck DRC enabled: false
2026-01-27 22:13:19 +0100: Memory Usage (435868K) : CONNECTIVITY_RULES enabled: true.
2026-01-27 22:13:19 +0100: Memory Usage (435868K) : Read in polygons from layers.
2026-01-27 22:13:19 +0100: Memory Usage (436892K) : activ_drw has 2658 polygons
2026-01-27 22:13:19 +0100: Memory Usage (436892K) : activ_pin has 0 polygons
2026-01-27 22:13:19 +0100: Memory Usage (436892K) : activ_mask has 0 polygons
2026-01-27 22:13:19 +0100: Memory Usage (436892K) : activ_filler has 0 polygons
2026-01-27 22:13:19 +0100: Memory Usage (436892K) : activ_nofill has 0 polygons
2026-01-27 22:13:19 +0100: Memory Usage (436892K) : activ_opc has 0 polygons
2026-01-27 22:13:19 +0100: Memory Usage (436892K) : activ_iopc has 0 polygons
2026-01-27 22:13:19 +0100: Memory Usage (436892K) : activ_noqrc has 0 polygons
2026-01-27 22:13:19 +0100: Memory Usage (436892K) : biwind_drw has 0 polygons
2026-01-27 22:13:19 +0100: Memory Usage (436892K) : biwind_opc has 0 polygons
2026-01-27 22:13:19 +0100: Memory Usage (436892K) : pemwind_drw has 0 polygons
2026-01-27 22:13:19 +0100: Memory Usage (436892K) : gatpoly_drw has 1572 polygons
2026-01-27 22:13:19 +0100: Memory Usage (436892K) : gatpoly_pin has 240 polygons
2026-01-27 22:13:19 +0100: Memory Usage (436892K) : gatpoly_filler has 0 polygons
2026-01-27 22:13:19 +0100: Memory Usage (436892K) : gatpoly_nofill has 0 polygons
2026-01-27 22:13:19 +0100: Memory Usage (436892K) : gatpoly_opc has 0 polygons
2026-01-27 22:13:19 +0100: Memory Usage (436892K) : gatpoly_iopc has 0 polygons
2026-01-27 22:13:19 +0100: Memory Usage (436892K) : gatpoly_noqrc has 0 polygons
2026-01-27 22:13:19 +0100: Memory Usage (436892K) : cont_drw has 12606 polygons
2026-01-27 22:13:19 +0100: Memory Usage (436892K) : cont_opc has 0 polygons
2026-01-27 22:13:19 +0100: Memory Usage (436892K) : nsd_drw has 0 polygons
2026-01-27 22:13:19 +0100: Memory Usage (436892K) : nsd_block has 0 polygons
2026-01-27 22:13:19 +0100: Memory Usage (436892K) : metal1_drw has 3908 polygons
2026-01-27 22:13:19 +0100: Memory Usage (436892K) : metal1_pin has 492 polygons
2026-01-27 22:13:19 +0100: Memory Usage (437020K) : metal1_mask has 0 polygons
2026-01-27 22:13:19 +0100: Memory Usage (437148K) : metal1_filler has 0 polygons
2026-01-27 22:13:19 +0100: Memory Usage (437148K) : metal1_nofill has 0 polygons
2026-01-27 22:13:19 +0100: Memory Usage (437148K) : metal1_slit has 0 polygons
2026-01-27 22:13:19 +0100: Memory Usage (437404K) : metal1_text has 0 polygons
2026-01-27 22:13:19 +0100: Memory Usage (437404K) : metal1_opc has 0 polygons
2026-01-27 22:13:19 +0100: Memory Usage (437404K) : metal1_noqrc has 0 polygons
2026-01-27 22:13:19 +0100: Memory Usage (437404K) : metal1_res has 0 polygons
2026-01-27 22:13:19 +0100: Memory Usage (437532K) : metal1_iprobe has 0 polygons
2026-01-27 22:13:19 +0100: Memory Usage (437532K) : metal1_diffprb has 0 polygons
2026-01-27 22:13:19 +0100: Memory Usage (437660K) : passiv_drw has 0 polygons
2026-01-27 22:13:19 +0100: Memory Usage (437660K) : passiv_pin has 0 polygons
2026-01-27 22:13:19 +0100: Memory Usage (437660K) : passiv_sbump has 0 polygons
2026-01-27 22:13:19 +0100: Memory Usage (437788K) : passiv_pillar has 0 polygons
2026-01-27 22:13:19 +0100: Memory Usage (437788K) : passiv_pdl has 0 polygons
2026-01-27 22:13:19 +0100: Memory Usage (437916K) : metal2_drw has 0 polygons
2026-01-27 22:13:19 +0100: Memory Usage (437916K) : metal2_pin has 0 polygons
2026-01-27 22:13:19 +0100: Memory Usage (438044K) : metal2_mask has 0 polygons
2026-01-27 22:13:19 +0100: Memory Usage (438044K) : metal2_filler has 0 polygons
2026-01-27 22:13:19 +0100: Memory Usage (438172K) : metal2_nofill has 0 polygons
2026-01-27 22:13:19 +0100: Memory Usage (438172K) : metal2_slit has 0 polygons
2026-01-27 22:13:19 +0100: Memory Usage (438172K) : metal2_text has 0 polygons
2026-01-27 22:13:19 +0100: Memory Usage (438300K) : metal2_opc has 0 polygons
2026-01-27 22:13:19 +0100: Memory Usage (438428K) : metal2_noqrc has 0 polygons
2026-01-27 22:13:19 +0100: Memory Usage (438428K) : metal2_res has 0 polygons
2026-01-27 22:13:19 +0100: Memory Usage (438556K) : metal2_iprobe has 0 polygons
2026-01-27 22:13:19 +0100: Memory Usage (438556K) : metal2_diffprb has 0 polygons
2026-01-27 22:13:19 +0100: Memory Usage (438556K) : baspoly_drw has 0 polygons
2026-01-27 22:13:19 +0100: Memory Usage (438684K) : baspoly_pin has 0 polygons
2026-01-27 22:13:19 +0100: Memory Usage (438684K) : psd_drw has 648 polygons
2026-01-27 22:13:19 +0100: Memory Usage (438812K) : nldb_drw has 0 polygons
2026-01-27 22:13:19 +0100: Memory Usage (438812K) : digibnd_drw has 0 polygons
2026-01-27 22:13:19 +0100: Memory Usage (438940K) : via1_drw has 0 polygons
2026-01-27 22:13:19 +0100: Memory Usage (438940K) : backmetal1_drw has 0 polygons
2026-01-27 22:13:19 +0100: Memory Usage (438940K) : backmetal1_pin has 0 polygons
2026-01-27 22:13:19 +0100: Memory Usage (439068K) : backmetal1_mask has 0 polygons
2026-01-27 22:13:19 +0100: Memory Usage (439068K) : backmetal1_filler has 0 polygons
2026-01-27 22:13:19 +0100: Memory Usage (439196K) : backmetal1_nofill has 0 polygons
2026-01-27 22:13:19 +0100: Memory Usage (439196K) : backmetal1_slit has 0 polygons
2026-01-27 22:13:19 +0100: Memory Usage (439324K) : backmetal1_text has 0 polygons
2026-01-27 22:13:19 +0100: Memory Usage (439324K) : backmetal1_opc has 0 polygons
2026-01-27 22:13:19 +0100: Memory Usage (439324K) : backmetal1_noqrc has 0 polygons
2026-01-27 22:13:19 +0100: Memory Usage (439452K) : backmetal1_res has 0 polygons
2026-01-27 22:13:19 +0100: Memory Usage (439452K) : backmetal1_iprobe has 0 polygons
2026-01-27 22:13:19 +0100: Memory Usage (439580K) : backmetal1_diffprb has 0 polygons
2026-01-27 22:13:19 +0100: Memory Usage (439580K) : backpassiv_drw has 0 polygons
2026-01-27 22:13:19 +0100: Memory Usage (439708K) : res_drw has 0 polygons
2026-01-27 22:13:19 +0100: Memory Usage (439708K) : sram_drw has 0 polygons
2026-01-27 22:13:19 +0100: Memory Usage (439836K) : trans_drw has 0 polygons
2026-01-27 22:13:19 +0100: Memory Usage (439836K) : ind_drw has 0 polygons
2026-01-27 22:13:19 +0100: Memory Usage (439964K) : ind_pin has 0 polygons
2026-01-27 22:13:19 +0100: Memory Usage (439964K) : ind_text has 0 polygons
2026-01-27 22:13:19 +0100: Memory Usage (440092K) : salblock_drw has 6 polygons
2026-01-27 22:13:19 +0100: Memory Usage (440220K) : via2_drw has 0 polygons
2026-01-27 22:13:19 +0100: Memory Usage (440220K) : metal3_drw has 0 polygons
2026-01-27 22:13:19 +0100: Memory Usage (440220K) : metal3_pin has 0 polygons
2026-01-27 22:13:19 +0100: Memory Usage (440348K) : metal3_mask has 0 polygons
2026-01-27 22:13:19 +0100: Memory Usage (440476K) : metal3_filler has 0 polygons
2026-01-27 22:13:19 +0100: Memory Usage (440476K) : metal3_nofill has 0 polygons
2026-01-27 22:13:19 +0100: Memory Usage (440604K) : metal3_slit has 0 polygons
2026-01-27 22:13:19 +0100: Memory Usage (440604K) : metal3_text has 0 polygons
2026-01-27 22:13:19 +0100: Memory Usage (440732K) : metal3_opc has 0 polygons
2026-01-27 22:13:19 +0100: Memory Usage (440732K) : metal3_noqrc has 0 polygons
2026-01-27 22:13:19 +0100: Memory Usage (440732K) : metal3_res has 0 polygons
2026-01-27 22:13:19 +0100: Memory Usage (440860K) : metal3_iprobe has 0 polygons
2026-01-27 22:13:19 +0100: Memory Usage (440860K) : metal3_diffprb has 0 polygons
2026-01-27 22:13:19 +0100: Memory Usage (440988K) : nwell_drw has 634 polygons
2026-01-27 22:13:19 +0100: Memory Usage (440988K) : nwell_pin has 0 polygons
2026-01-27 22:13:19 +0100: Memory Usage (441116K) : nbulay_drw has 0 polygons
2026-01-27 22:13:19 +0100: Memory Usage (441116K) : nbulay_pin has 0 polygons
2026-01-27 22:13:19 +0100: Memory Usage (441116K) : nbulay_block has 0 polygons
2026-01-27 22:13:19 +0100: Memory Usage (441244K) : emwind_drw has 0 polygons
2026-01-27 22:13:19 +0100: Memory Usage (441372K) : emwind_opc has 0 polygons
2026-01-27 22:13:19 +0100: Memory Usage (441500K) : deepco_drw has 0 polygons
2026-01-27 22:13:19 +0100: Memory Usage (441500K) : deepco_drw has 0 polygons
2026-01-27 22:13:19 +0100: Memory Usage (441628K) : mim_drw has 2 polygons
2026-01-27 22:13:19 +0100: Memory Usage (441628K) : edgeseal_drw has 0 polygons
2026-01-27 22:13:19 +0100: Memory Usage (441628K) : edgeseal_bound has 0 polygons
2026-01-27 22:13:19 +0100: Memory Usage (441756K) : substrate_drw has 630 polygons
2026-01-27 22:13:19 +0100: Memory Usage (441756K) : substrate_text has 0 polygons
2026-01-27 22:13:19 +0100: Memory Usage (441884K) : dfpad_drw has 0 polygons
2026-01-27 22:13:19 +0100: Memory Usage (441884K) : dfpad_pillar has 0 polygons
2026-01-27 22:13:19 +0100: Memory Usage (442012K) : dfpad_sbump has 0 polygons
2026-01-27 22:13:19 +0100: Memory Usage (442012K) : thickgateox_drw has 0 polygons
2026-01-27 22:13:19 +0100: Memory Usage (442012K) : pldb_drw has 0 polygons
2026-01-27 22:13:19 +0100: Memory Usage (442140K) : pwell_drw has 0 polygons
2026-01-27 22:13:19 +0100: Memory Usage (442140K) : pwell_pin has 0 polygons
2026-01-27 22:13:19 +0100: Memory Usage (442268K) : pwell_block has 0 polygons
2026-01-27 22:13:19 +0100: Memory Usage (442268K) : ic_drw has 0 polygons
2026-01-27 22:13:19 +0100: Memory Usage (442396K) : via3_drw has 0 polygons
2026-01-27 22:13:19 +0100: Memory Usage (442396K) : metal4_drw has 0 polygons
2026-01-27 22:13:19 +0100: Memory Usage (442524K) : metal4_pin has 0 polygons
2026-01-27 22:13:19 +0100: Memory Usage (442524K) : metal4_mask has 0 polygons
2026-01-27 22:13:19 +0100: Memory Usage (442652K) : metal4_filler has 0 polygons
2026-01-27 22:13:19 +0100: Memory Usage (442652K) : metal4_nofill has 0 polygons
2026-01-27 22:13:19 +0100: Memory Usage (442780K) : metal4_slit has 0 polygons
2026-01-27 22:13:19 +0100: Memory Usage (442780K) : metal4_text has 0 polygons
2026-01-27 22:13:19 +0100: Memory Usage (442780K) : metal4_opc has 0 polygons
2026-01-27 22:13:19 +0100: Memory Usage (442908K) : metal4_noqrc has 0 polygons
2026-01-27 22:13:19 +0100: Memory Usage (443036K) : metal4_res has 0 polygons
2026-01-27 22:13:19 +0100: Memory Usage (443036K) : metal4_iprobe has 0 polygons
2026-01-27 22:13:19 +0100: Memory Usage (443164K) : metal4_diffprb has 0 polygons
2026-01-27 22:13:19 +0100: Memory Usage (443164K) : heattrans_drw has 918 polygons
2026-01-27 22:13:19 +0100: Memory Usage (443164K) : heatres_drw has 6 polygons
2026-01-27 22:13:19 +0100: Memory Usage (443292K) : pempoly_drw has 0 polygons
2026-01-27 22:13:19 +0100: Memory Usage (443292K) : fbe_drw has 0 polygons
2026-01-27 22:13:19 +0100: Memory Usage (443420K) : empoly_drw has 0 polygons
2026-01-27 22:13:19 +0100: Memory Usage (443548K) : ldmos_drw has 0 polygons
2026-01-27 22:13:19 +0100: Memory Usage (443548K) : pbiwind_drw has 0 polygons
2026-01-27 22:13:19 +0100: Memory Usage (443676K) : digisub_drw has 0 polygons
2026-01-27 22:13:19 +0100: Memory Usage (443676K) : nodrc_drw has 0 polygons
2026-01-27 22:13:19 +0100: Memory Usage (443932K) : text_drw has 876 polygons
2026-01-27 22:13:20 +0100: Memory Usage (443932K) : via4_drw has 0 polygons
2026-01-27 22:13:20 +0100: Memory Usage (443932K) : metal5_drw has 2 polygons
2026-01-27 22:13:20 +0100: Memory Usage (444060K) : metal5_pin has 0 polygons
2026-01-27 22:13:20 +0100: Memory Usage (444060K) : metal5_mask has 0 polygons
2026-01-27 22:13:20 +0100: Memory Usage (444188K) : metal5_filler has 0 polygons
2026-01-27 22:13:20 +0100: Memory Usage (444188K) : metal5_nofill has 0 polygons
2026-01-27 22:13:20 +0100: Memory Usage (444316K) : metal5_slit has 0 polygons
2026-01-27 22:13:20 +0100: Memory Usage (444316K) : metal5_text has 0 polygons
2026-01-27 22:13:20 +0100: Memory Usage (444316K) : metal5_opc has 0 polygons
2026-01-27 22:13:20 +0100: Memory Usage (444444K) : metal5_noqrc has 0 polygons
2026-01-27 22:13:20 +0100: Memory Usage (444444K) : metal5_res has 0 polygons
2026-01-27 22:13:20 +0100: Memory Usage (444572K) : metal5_iprobe has 0 polygons
2026-01-27 22:13:20 +0100: Memory Usage (444572K) : metal5_diffprb has 0 polygons
2026-01-27 22:13:20 +0100: Memory Usage (444572K) : radhard_drw has 0 polygons
2026-01-27 22:13:20 +0100: Memory Usage (444572K) : memcap_drw has 0 polygons
2026-01-27 22:13:20 +0100: Memory Usage (444572K) : varicap_drw has 0 polygons
2026-01-27 22:13:20 +0100: Memory Usage (444572K) : flash_drw has 0 polygons
2026-01-27 22:13:20 +0100: Memory Usage (444572K) : intbondvia_drw has 0 polygons
2026-01-27 22:13:20 +0100: Memory Usage (444572K) : intbondmet_drw has 0 polygons
2026-01-27 22:13:20 +0100: Memory Usage (444572K) : devbondvia_drw has 0 polygons
2026-01-27 22:13:20 +0100: Memory Usage (444572K) : devbondmet_drw has 0 polygons
2026-01-27 22:13:20 +0100: Memory Usage (444572K) : devtrench_drw has 0 polygons
2026-01-27 22:13:20 +0100: Memory Usage (444572K) : redist_drw has 0 polygons
2026-01-27 22:13:20 +0100: Memory Usage (444572K) : graphbot_drw has 0 polygons
2026-01-27 22:13:20 +0100: Memory Usage (444572K) : graphtop_drw has 0 polygons
2026-01-27 22:13:20 +0100: Memory Usage (444572K) : antvia1_drw has 0 polygons
2026-01-27 22:13:20 +0100: Memory Usage (444572K) : antmetal2_drw has 0 polygons
2026-01-27 22:13:20 +0100: Memory Usage (444572K) : graphcont_drw has 0 polygons
2026-01-27 22:13:20 +0100: Memory Usage (444572K) : siwg_drw has 0 polygons
2026-01-27 22:13:20 +0100: Memory Usage (444572K) : siwg_filler has 0 polygons
2026-01-27 22:13:20 +0100: Memory Usage (444572K) : siwg_nofill has 0 polygons
2026-01-27 22:13:20 +0100: Memory Usage (444572K) : sigrating_drw has 0 polygons
2026-01-27 22:13:20 +0100: Memory Usage (444572K) : singrating_drw has 0 polygons
2026-01-27 22:13:20 +0100: Memory Usage (444572K) : graphpas_drw has 0 polygons
2026-01-27 22:13:20 +0100: Memory Usage (444572K) : emwind3_drw has 0 polygons
2026-01-27 22:13:20 +0100: Memory Usage (444572K) : emwihv3_drw has 0 polygons
2026-01-27 22:13:20 +0100: Memory Usage (444572K) : redbulay_drw has 0 polygons
2026-01-27 22:13:20 +0100: Memory Usage (444572K) : smos_drw has 0 polygons
2026-01-27 22:13:20 +0100: Memory Usage (444572K) : graphpad_drw has 0 polygons
2026-01-27 22:13:20 +0100: Memory Usage (444572K) : polimide_drw has 0 polygons
2026-01-27 22:13:20 +0100: Memory Usage (444572K) : polimide_pin has 0 polygons
2026-01-27 22:13:20 +0100: Memory Usage (444572K) : recog_drw has 0 polygons
2026-01-27 22:13:20 +0100: Memory Usage (444572K) : recog_pin has 0 polygons
2026-01-27 22:13:20 +0100: Memory Usage (444572K) : recog_esd has 0 polygons
2026-01-27 22:13:20 +0100: Memory Usage (444572K) : recog_diode has 0 polygons
2026-01-27 22:13:20 +0100: Memory Usage (444572K) : recog_tsv has 0 polygons
2026-01-27 22:13:20 +0100: Memory Usage (444572K) : recog_iprobe has 0 polygons
2026-01-27 22:13:20 +0100: Memory Usage (444572K) : recog_diffprb has 0 polygons
2026-01-27 22:13:20 +0100: Memory Usage (444572K) : recog_pillar has 0 polygons
2026-01-27 22:13:20 +0100: Memory Usage (444572K) : recog_sbump has 0 polygons
2026-01-27 22:13:20 +0100: Memory Usage (444572K) : recog_otp has 0 polygons
2026-01-27 22:13:20 +0100: Memory Usage (444572K) : recog_pdiode has 0 polygons
2026-01-27 22:13:20 +0100: Memory Usage (444572K) : recog_mom has 0 polygons
2026-01-27 22:13:20 +0100: Memory Usage (444572K) : recog_pcm has 0 polygons
2026-01-27 22:13:20 +0100: Memory Usage (444572K) : colopen_drw has 0 polygons
2026-01-27 22:13:20 +0100: Memory Usage (444572K) : graphmetal1_drw has 0 polygons
2026-01-27 22:13:20 +0100: Memory Usage (444572K) : graphmetal1_filler has 0 polygons
2026-01-27 22:13:20 +0100: Memory Usage (444572K) : graphmetal1_nofill has 0 polygons
2026-01-27 22:13:20 +0100: Memory Usage (444572K) : graphmetal1_slit has 0 polygons
2026-01-27 22:13:20 +0100: Memory Usage (444572K) : graphmetal1_opc has 0 polygons
2026-01-27 22:13:20 +0100: Memory Usage (444572K) : graphmet1l_drw has 0 polygons
2026-01-27 22:13:20 +0100: Memory Usage (444572K) : graphmet1l_filler has 0 polygons
2026-01-27 22:13:20 +0100: Memory Usage (444572K) : graphmet1l_nofill has 0 polygons
2026-01-27 22:13:20 +0100: Memory Usage (444572K) : graphmet1l_slit has 0 polygons
2026-01-27 22:13:20 +0100: Memory Usage (444572K) : graphmet1l_opc has 0 polygons
2026-01-27 22:13:20 +0100: Memory Usage (444572K) : extblock_drw has 18 polygons
2026-01-27 22:13:20 +0100: Memory Usage (444572K) : nldd_drw has 0 polygons
2026-01-27 22:13:20 +0100: Memory Usage (444572K) : pldd_drw has 0 polygons
2026-01-27 22:13:20 +0100: Memory Usage (444572K) : next_drw has 0 polygons
2026-01-27 22:13:20 +0100: Memory Usage (444572K) : pext_drw has 0 polygons
2026-01-27 22:13:20 +0100: Memory Usage (444572K) : nexthv_drw has 0 polygons
2026-01-27 22:13:20 +0100: Memory Usage (444572K) : pexthv_drw has 0 polygons
2026-01-27 22:13:20 +0100: Memory Usage (444572K) : graphgate_drw has 0 polygons
2026-01-27 22:13:20 +0100: Memory Usage (444572K) : sinwg_drw has 0 polygons
2026-01-27 22:13:20 +0100: Memory Usage (444572K) : sinwg_filler has 0 polygons
2026-01-27 22:13:20 +0100: Memory Usage (444572K) : sinwg_nofill has 0 polygons
2026-01-27 22:13:20 +0100: Memory Usage (444572K) : mempad_drw has 0 polygons
2026-01-27 22:13:20 +0100: Memory Usage (444572K) : topvia1_drw has 0 polygons
2026-01-27 22:13:20 +0100: Memory Usage (444572K) : topmetal1_drw has 2 polygons
2026-01-27 22:13:20 +0100: Memory Usage (444572K) : topmetal1_pin has 0 polygons
2026-01-27 22:13:20 +0100: Memory Usage (444572K) : topmetal1_mask has 0 polygons
2026-01-27 22:13:20 +0100: Memory Usage (444572K) : topmetal1_filler has 0 polygons
2026-01-27 22:13:20 +0100: Memory Usage (444572K) : topmetal1_nofill has 0 polygons
2026-01-27 22:13:20 +0100: Memory Usage (444572K) : topmetal1_slit has 0 polygons
2026-01-27 22:13:20 +0100: Memory Usage (444572K) : topmetal1_text has 0 polygons
2026-01-27 22:13:20 +0100: Memory Usage (444572K) : topmetal1_noqrc has 0 polygons
2026-01-27 22:13:20 +0100: Memory Usage (444572K) : topmetal1_res has 0 polygons
2026-01-27 22:13:20 +0100: Memory Usage (444572K) : topmetal1_iprobe has 0 polygons
2026-01-27 22:13:20 +0100: Memory Usage (444572K) : topmetal1_diffprb has 0 polygons
2026-01-27 22:13:20 +0100: Memory Usage (444572K) : inldpwl_drw has 0 polygons
2026-01-27 22:13:20 +0100: Memory Usage (444572K) : polyres_drw has 6 polygons
2026-01-27 22:13:20 +0100: Memory Usage (444572K) : polyres_pin has 0 polygons
2026-01-27 22:13:20 +0100: Memory Usage (444572K) : vmim_drw has 578 polygons
2026-01-27 22:13:20 +0100: Memory Usage (444572K) : nbulaycut_drw has 0 polygons
2026-01-27 22:13:20 +0100: Memory Usage (444572K) : antmetal1_drw has 0 polygons
2026-01-27 22:13:20 +0100: Memory Usage (444572K) : topvia2_drw has 0 polygons
2026-01-27 22:13:20 +0100: Memory Usage (444572K) : topmetal2_drw has 0 polygons
2026-01-27 22:13:20 +0100: Memory Usage (444572K) : topmetal2_pin has 0 polygons
2026-01-27 22:13:20 +0100: Memory Usage (444572K) : topmetal2_mask has 0 polygons
2026-01-27 22:13:20 +0100: Memory Usage (444572K) : topmetal2_filler has 0 polygons
2026-01-27 22:13:20 +0100: Memory Usage (444572K) : topmetal2_nofill has 0 polygons
2026-01-27 22:13:20 +0100: Memory Usage (444572K) : topmetal2_slit has 0 polygons
2026-01-27 22:13:20 +0100: Memory Usage (444572K) : topmetal2_text has 0 polygons
2026-01-27 22:13:20 +0100: Memory Usage (444572K) : topmetal2_noqrc has 0 polygons
2026-01-27 22:13:20 +0100: Memory Usage (444572K) : topmetal2_res has 0 polygons
2026-01-27 22:13:20 +0100: Memory Usage (444572K) : topmetal2_iprobe has 0 polygons
2026-01-27 22:13:20 +0100: Memory Usage (444572K) : topmetal2_diffprb has 0 polygons
2026-01-27 22:13:20 +0100: Memory Usage (444572K) : snsring_drw has 0 polygons
2026-01-27 22:13:20 +0100: Memory Usage (444572K) : sensor_drw has 0 polygons
2026-01-27 22:13:20 +0100: Memory Usage (444572K) : snsarms_drw has 0 polygons
2026-01-27 22:13:20 +0100: Memory Usage (444572K) : snscmosvia_drw has 0 polygons
2026-01-27 22:13:20 +0100: Memory Usage (444572K) : colwind_drw has 0 polygons
2026-01-27 22:13:20 +0100: Memory Usage (444572K) : flm_drw has 0 polygons
2026-01-27 22:13:20 +0100: Memory Usage (444572K) : hafniumox_drw has 0 polygons
2026-01-27 22:13:20 +0100: Memory Usage (444572K) : memvia_drw has 0 polygons
2026-01-27 22:13:20 +0100: Memory Usage (444572K) : thinfilmres_drw has 0 polygons
2026-01-27 22:13:20 +0100: Memory Usage (444572K) : rfmem_drw has 0 polygons
2026-01-27 22:13:20 +0100: Memory Usage (444572K) : norcx_drw has 0 polygons
2026-01-27 22:13:20 +0100: Memory Usage (444572K) : norcx_m2m3 has 0 polygons
2026-01-27 22:13:20 +0100: Memory Usage (444572K) : norcx_m2m4 has 0 polygons
2026-01-27 22:13:20 +0100: Memory Usage (444572K) : norcx_m2m5 has 0 polygons
2026-01-27 22:13:20 +0100: Memory Usage (444572K) : norcx_m2tm1 has 0 polygons
2026-01-27 22:13:20 +0100: Memory Usage (444572K) : norcx_m2tm2 has 0 polygons
2026-01-27 22:13:20 +0100: Memory Usage (444572K) : norcx_m3m4 has 0 polygons
2026-01-27 22:13:20 +0100: Memory Usage (444572K) : norcx_m3m5 has 0 polygons
2026-01-27 22:13:20 +0100: Memory Usage (444572K) : norcx_m3tm1 has 0 polygons
2026-01-27 22:13:20 +0100: Memory Usage (444572K) : norcx_m3tm2 has 0 polygons
2026-01-27 22:13:20 +0100: Memory Usage (444572K) : norcx_m4m5 has 0 polygons
2026-01-27 22:13:20 +0100: Memory Usage (444572K) : norcx_m4tm1 has 0 polygons
2026-01-27 22:13:20 +0100: Memory Usage (444572K) : norcx_m4tm2 has 0 polygons
2026-01-27 22:13:20 +0100: Memory Usage (444572K) : norcx_m5tm1 has 0 polygons
2026-01-27 22:13:20 +0100: Memory Usage (444572K) : norcx_m5tm2 has 0 polygons
2026-01-27 22:13:20 +0100: Memory Usage (444572K) : norcx_tm1tm2 has 0 polygons
2026-01-27 22:13:20 +0100: Memory Usage (444572K) : norcx_m1sub has 0 polygons
2026-01-27 22:13:20 +0100: Memory Usage (444572K) : norcx_m2sub has 0 polygons
2026-01-27 22:13:20 +0100: Memory Usage (444572K) : norcx_m3sub has 0 polygons
2026-01-27 22:13:20 +0100: Memory Usage (444572K) : norcx_m4sub has 0 polygons
2026-01-27 22:13:20 +0100: Memory Usage (444572K) : norcx_m5sub has 0 polygons
2026-01-27 22:13:20 +0100: Memory Usage (444572K) : norcx_tm1sub has 0 polygons
2026-01-27 22:13:20 +0100: Memory Usage (444572K) : norcx_tm2sub has 0 polygons
2026-01-27 22:13:20 +0100: Memory Usage (444572K) : snsbotvia_drw has 0 polygons
2026-01-27 22:13:20 +0100: Memory Usage (444572K) : snstopvia_drw has 0 polygons
2026-01-27 22:13:20 +0100: Memory Usage (444572K) : deepvia_drw has 0 polygons
2026-01-27 22:13:20 +0100: Memory Usage (444572K) : fgetch_drw has 0 polygons
2026-01-27 22:13:20 +0100: Memory Usage (444572K) : ctrgat_drw has 0 polygons
2026-01-27 22:13:20 +0100: Memory Usage (444572K) : fgimp_drw has 0 polygons
2026-01-27 22:13:20 +0100: Memory Usage (444572K) : emwihv_drw has 0 polygons
2026-01-27 22:13:20 +0100: Memory Usage (444572K) : lbe_drw has 0 polygons
2026-01-27 22:13:20 +0100: Memory Usage (444572K) : alcustop_drw has 0 polygons
2026-01-27 22:13:20 +0100: Memory Usage (444572K) : nometfiller_drw has 0 polygons
2026-01-27 22:13:20 +0100: Memory Usage (444572K) : prboundary_drw has 0 polygons
2026-01-27 22:13:20 +0100: Memory Usage (444572K) : exchange0_drw has 0 polygons
2026-01-27 22:13:20 +0100: Memory Usage (444572K) : exchange0_pin has 0 polygons
2026-01-27 22:13:20 +0100: Memory Usage (444572K) : exchange0_text has 0 polygons
2026-01-27 22:13:20 +0100: Memory Usage (444572K) : exchange1_drw has 0 polygons
2026-01-27 22:13:20 +0100: Memory Usage (444572K) : exchange1_pin has 0 polygons
2026-01-27 22:13:20 +0100: Memory Usage (444572K) : exchange1_text has 0 polygons
2026-01-27 22:13:20 +0100: Memory Usage (444572K) : exchange2_drw has 0 polygons
2026-01-27 22:13:20 +0100: Memory Usage (444572K) : exchange2_pin has 0 polygons
2026-01-27 22:13:20 +0100: Memory Usage (444572K) : exchange2_text has 0 polygons
2026-01-27 22:13:20 +0100: Memory Usage (444572K) : exchange3_drw has 0 polygons
2026-01-27 22:13:20 +0100: Memory Usage (444572K) : exchange3_pin has 0 polygons
2026-01-27 22:13:20 +0100: Memory Usage (444572K) : exchange3_text has 0 polygons
2026-01-27 22:13:20 +0100: Memory Usage (444572K) : exchange4_drw has 0 polygons
2026-01-27 22:13:20 +0100: Memory Usage (444572K) : exchange4_pin has 0 polygons
2026-01-27 22:13:20 +0100: Memory Usage (444572K) : exchange4_text has 0 polygons
2026-01-27 22:13:20 +0100: Memory Usage (444572K) : isonwell_drw has 0 polygons
2026-01-27 22:13:20 +0100: Memory Usage (444572K) : Total no. of polygons in the design is 25802
2026-01-27 22:13:20 +0100: Memory Usage (444572K) : Loaded TECH DRC rules values from /foss/pdks/ihp-sg13g2/libs.tech/klayout/python/sg13g2_pycell_lib/sg13g2_tech_mod.json
2026-01-27 22:13:20 +0100: Memory Usage (444572K) : Loaded default DRC rules values from /foss/pdks/ihp-sg13g2/libs.tech/klayout/tech/drc/rule_decks/sg13g2_tech_default.json
2026-01-27 22:13:20 +0100: Memory Usage (444572K) : The following rules values were missing in tech json and default values were used:
2026-01-27 22:13:20 +0100: Memory Usage (444572K) :   - Cnt_c_digibnd
2026-01-27 22:13:20 +0100: Memory Usage (445724K) : Total area of the design is 4639.877525 um^2.
2026-01-27 22:13:20 +0100: Memory Usage (445724K) : The design dimensions are 86.155 µm * 53.855000000000004 µm.
2026-01-27 22:13:20 +0100: Memory Usage (445724K) : Starting general IHP-SG13G2 derivations.
2026-01-27 22:13:20 +0100: Memory Usage (445724K) : Starting Pwell derivations
2026-01-27 22:13:20 +0100: Memory Usage (448540K) : Starting n-Activ derivations
2026-01-27 22:13:20 +0100: Memory Usage (449564K) : Starting p-Activ derivations
2026-01-27 22:13:20 +0100: Memory Usage (449564K) : Starting ptap derivations
2026-01-27 22:13:20 +0100: Memory Usage (449692K) : Starting ntap derivations
2026-01-27 22:13:20 +0100: Memory Usage (449692K) : Starting pact FET derivations
2026-01-27 22:13:20 +0100: Memory Usage (449820K) : Starting nact FET derivations
2026-01-27 22:13:20 +0100: Memory Usage (449820K) : Starting Gate derivations
2026-01-27 22:13:20 +0100: Memory Usage (449820K) : Starting cont/contbar general derivations
2026-01-27 22:13:20 +0100: Memory Usage (449820K) : Starting pad general derivations
2026-01-27 22:13:20 +0100: Memory Usage (449820K) : Starting IHP-SG13G2 DRC connectivity related derivations.
2026-01-27 22:13:20 +0100: Memory Usage (449820K) : Starting IHP-SG13G2 DRC connectivity setup
2026-01-27 22:13:20 +0100: Memory Usage (450076K) : Starting IHP-SG13G2 DRC rules.
2026-01-27 22:13:20 +0100: Memory Usage (450076K) : Running all FEOL rules
2026-01-27 22:13:20 +0100: Memory Usage (450076K) : Running all BEOL rules
2026-01-27 22:13:20 +0100: Memory Usage (450076K) : Running all PIN rules
2026-01-27 22:13:20 +0100: Memory Usage (450076K) : Running all FORBIDDEN rules
2026-01-27 22:13:20 +0100: Memory Usage (450076K) : Starting 5.1 NWell table
2026-01-27 22:13:20 +0100: Memory Usage (450076K) : Executing rule NW.b
2026-01-27 22:13:20 +0100: Memory Usage (450844K) : Executing rule NW.b1
2026-01-27 22:13:20 +0100: Memory Usage (450844K) : Starting 5.2 PWell:block
2026-01-27 22:13:20 +0100: Memory Usage (450844K) : Executing rule PWB.e
2026-01-27 22:13:20 +0100: Memory Usage (450844K) : Executing rule PWB.e1
2026-01-27 22:13:20 +0100: Memory Usage (450844K) : Executing rule PWB.f
2026-01-27 22:13:20 +0100: Memory Usage (450844K) : Executing rule PWB.f1
2026-01-27 22:13:20 +0100: Memory Usage (450844K) : Starting 5.3 nBuLay table
2026-01-27 22:13:20 +0100: Memory Usage (451100K) : Executing rule NBL.b
2026-01-27 22:13:20 +0100: Memory Usage (451100K) : Executing rule NBL.c
2026-01-27 22:13:20 +0100: Memory Usage (451100K) : Executing rule NBL.d
2026-01-27 22:13:20 +0100: Memory Usage (451100K) : Executing rule NBL.e
2026-01-27 22:13:20 +0100: Memory Usage (451100K) : Executing rule NBL.f
2026-01-27 22:13:20 +0100: Memory Usage (451100K) : Starting 5.5. Activ table
2026-01-27 22:13:20 +0100: Memory Usage (451100K) : Executing rule Act.a
2026-01-27 22:13:21 +0100: Memory Usage (451100K) : Executing rule Act.b
2026-01-27 22:13:21 +0100: Memory Usage (451228K) : Starting 5.6 Activ:filler table
2026-01-27 22:13:21 +0100: Memory Usage (451228K) : Executing rule AFil.c1
2026-01-27 22:13:21 +0100: Memory Usage (451228K) : Executing rule AFil.c
2026-01-27 22:13:21 +0100: Memory Usage (451228K) : Executing rule AFil.d
2026-01-27 22:13:21 +0100: Memory Usage (451228K) : Executing rule AFil.e
2026-01-27 22:13:21 +0100: Memory Usage (451228K) : Executing rule AFil.j
2026-01-27 22:13:21 +0100: Memory Usage (451228K) : Starting 5.7. ThickGateOx table
2026-01-27 22:13:21 +0100: Memory Usage (451228K) : Executing rule TGO.f
2026-01-27 22:13:21 +0100: Memory Usage (451228K) : Starting 5.8. GatPoly table
2026-01-27 22:13:21 +0100: Memory Usage (451228K) : Executing rule Gat.a
2026-01-27 22:13:21 +0100: Memory Usage (451228K) : Executing rule Gat.b
2026-01-27 22:13:21 +0100: Memory Usage (451228K) : Executing rule Gat.d
2026-01-27 22:13:21 +0100: Memory Usage (451228K) : Executing rule Gat.a1
2026-01-27 22:13:21 +0100: Memory Usage (451612K) : Executing rule Gat.a2
2026-01-27 22:13:21 +0100: Memory Usage (451612K) : Executing rule Gat.g
2026-01-27 22:13:21 +0100: Memory Usage (451612K) : Starting 5.9 GatPoly:filler
2026-01-27 22:13:21 +0100: Memory Usage (451612K) : Executing rule GFil.d
2026-01-27 22:13:21 +0100: Memory Usage (451612K) : Executing rule GFil.e
2026-01-27 22:13:21 +0100: Memory Usage (451612K) : Executing rule GFil.i
2026-01-27 22:13:21 +0100: Memory Usage (451612K) : Starting 5.10 pSD table
2026-01-27 22:13:21 +0100: Memory Usage (451612K) : Executing rule pSD.c1
2026-01-27 22:13:21 +0100: Memory Usage (451612K) : Starting 5.14. Cont table
2026-01-27 22:13:21 +0100: Memory Usage (451612K) : Executing rule Cnt.a
2026-01-27 22:13:21 +0100: Memory Usage (451612K) : Executing rule Cnt.b
2026-01-27 22:13:21 +0100: Memory Usage (451612K) : Executing rule Cnt.c
2026-01-27 22:13:21 +0100: Memory Usage (451612K) : Executing rule Cnt.c
2026-01-27 22:13:21 +0100: Memory Usage (451612K) : Executing rule Cnt.d
2026-01-27 22:13:21 +0100: Memory Usage (451612K) : Executing rule Cnt.e
2026-01-27 22:13:21 +0100: Memory Usage (451612K) : Executing rule Cnt.g1
2026-01-27 22:13:21 +0100: Memory Usage (451612K) : Executing rule Cnt.g2
2026-01-27 22:13:21 +0100: Memory Usage (451612K) : Starting 5.15. ContBar table
2026-01-27 22:13:21 +0100: Memory Usage (451612K) : Executing rule CntB.b1
2026-01-27 22:13:21 +0100: Memory Usage (451612K) : Executing rule CntB.h1
2026-01-27 22:13:21 +0100: Memory Usage (451612K) : Starting 6.1.3 NPN Substrate-Tie table
2026-01-27 22:13:21 +0100: Memory Usage (451612K) : Executing rule npn13G2.bR 
2026-01-27 22:13:21 +0100: Memory Usage (451612K) : Executing rule npn13G2L.cR 
2026-01-27 22:13:21 +0100: Memory Usage (451612K) : Executing rule npn13G2V.cR 
2026-01-27 22:13:21 +0100: Memory Usage (451612K) : Starting 6.7 Schottky diode table
2026-01-27 22:13:21 +0100: Memory Usage (451612K) : Executing rule Sdiod.d
2026-01-27 22:13:21 +0100: Memory Usage (451612K) : Executing rule Sdiod.e
2026-01-27 22:13:21 +0100: Memory Usage (451612K) : Starting 7.2 Latch-up table
2026-01-27 22:13:21 +0100: Memory Usage (451612K) : Executing rule LU.b
2026-01-27 22:13:21 +0100: Memory Usage (451612K) : Starting 5.16. Metal1 table
2026-01-27 22:13:21 +0100: Memory Usage (451612K) : Executing rule M1.a
2026-01-27 22:13:21 +0100: Memory Usage (451612K) : Executing rule M1.b
2026-01-27 22:13:21 +0100: Memory Usage (451612K) : Executing rule M1.e
2026-01-27 22:13:21 +0100: Memory Usage (451612K) : Executing rule M1.f
2026-01-27 22:13:21 +0100: Memory Usage (451612K) : Executing rule M1.g
2026-01-27 22:13:21 +0100: Memory Usage (451612K) : Executing rule M1.i
2026-01-27 22:13:21 +0100: Memory Usage (451612K) : Starting 5.17 Metaln table
2026-01-27 22:13:21 +0100: Memory Usage (451612K) : Executing rule M2.a
2026-01-27 22:13:21 +0100: Memory Usage (451612K) : Executing rule M2.b
2026-01-27 22:13:21 +0100: Memory Usage (451612K) : Executing rule M2.e
2026-01-27 22:13:21 +0100: Memory Usage (451612K) : Executing rule M2.f
2026-01-27 22:13:21 +0100: Memory Usage (451612K) : Executing rule M2.g
2026-01-27 22:13:21 +0100: Memory Usage (451612K) : Executing rule M2.i
2026-01-27 22:13:21 +0100: Memory Usage (451612K) : Executing rule M3.a
2026-01-27 22:13:21 +0100: Memory Usage (451612K) : Executing rule M3.b
2026-01-27 22:13:21 +0100: Memory Usage (451612K) : Executing rule M3.e
2026-01-27 22:13:21 +0100: Memory Usage (451612K) : Executing rule M3.f
2026-01-27 22:13:21 +0100: Memory Usage (451612K) : Executing rule M3.g
2026-01-27 22:13:21 +0100: Memory Usage (451612K) : Executing rule M3.i
2026-01-27 22:13:21 +0100: Memory Usage (451612K) : Executing rule M4.a
2026-01-27 22:13:21 +0100: Memory Usage (451612K) : Executing rule M4.b
2026-01-27 22:13:21 +0100: Memory Usage (451612K) : Executing rule M4.e
2026-01-27 22:13:21 +0100: Memory Usage (451612K) : Executing rule M4.f
2026-01-27 22:13:21 +0100: Memory Usage (451612K) : Executing rule M4.g
2026-01-27 22:13:21 +0100: Memory Usage (451612K) : Executing rule M4.i
2026-01-27 22:13:22 +0100: Memory Usage (451612K) : Executing rule M5.a
2026-01-27 22:13:22 +0100: Memory Usage (451612K) : Executing rule M5.b
2026-01-27 22:13:22 +0100: Memory Usage (451612K) : Executing rule M5.e
2026-01-27 22:13:22 +0100: Memory Usage (451612K) : Executing rule M5.f
2026-01-27 22:13:22 +0100: Memory Usage (451612K) : Executing rule M5.g
2026-01-27 22:13:22 +0100: Memory Usage (451996K) : Executing rule M5.i
2026-01-27 22:13:22 +0100: Memory Usage (452252K) : Starting 5.18 Metaln:filler table
2026-01-27 22:13:22 +0100: Memory Usage (452252K) : Executing rule M1Fil.c
2026-01-27 22:13:22 +0100: Memory Usage (452380K) : Executing rule M1Fil.a2
2026-01-27 22:13:22 +0100: Memory Usage (452508K) : Executing rule M2Fil.c
2026-01-27 22:13:22 +0100: Memory Usage (452508K) : Executing rule M2Fil.a2
2026-01-27 22:13:22 +0100: Memory Usage (452508K) : Executing rule M3Fil.c
2026-01-27 22:13:22 +0100: Memory Usage (452508K) : Executing rule M3Fil.a2
2026-01-27 22:13:22 +0100: Memory Usage (452508K) : Executing rule M4Fil.c
2026-01-27 22:13:22 +0100: Memory Usage (452508K) : Executing rule M4Fil.a2
2026-01-27 22:13:22 +0100: Memory Usage (452508K) : Executing rule M5Fil.c
2026-01-27 22:13:22 +0100: Memory Usage (452508K) : Executing rule M5Fil.a2
2026-01-27 22:13:22 +0100: Memory Usage (452508K) : Starting 5.19. Via1 table
2026-01-27 22:13:22 +0100: Memory Usage (452508K) : Starting 5.19. Via1 table derivations
2026-01-27 22:13:22 +0100: Memory Usage (452508K) : Executing rule V1.a
2026-01-27 22:13:22 +0100: Memory Usage (452508K) : Executing rule V1.b
2026-01-27 22:13:22 +0100: Memory Usage (452508K) : Executing rule V1.c
2026-01-27 22:13:22 +0100: Memory Usage (452508K) : Starting 5.20. Vian table
2026-01-27 22:13:22 +0100: Memory Usage (452508K) : Executing rule V2.a
2026-01-27 22:13:22 +0100: Memory Usage (452508K) : Executing rule V2.b
2026-01-27 22:13:22 +0100: Memory Usage (452508K) : Executing rule V2.c
2026-01-27 22:13:22 +0100: Memory Usage (452508K) : Executing rule V3.a
2026-01-27 22:13:22 +0100: Memory Usage (452508K) : Executing rule V3.b
2026-01-27 22:13:22 +0100: Memory Usage (452508K) : Executing rule V3.c
2026-01-27 22:13:22 +0100: Memory Usage (452508K) : Executing rule V4.a
2026-01-27 22:13:22 +0100: Memory Usage (452508K) : Executing rule V4.b
2026-01-27 22:13:22 +0100: Memory Usage (452508K) : Executing rule V4.c
2026-01-27 22:13:22 +0100: Memory Usage (452508K) : Starting 5.21. TopVia1 table
2026-01-27 22:13:22 +0100: Memory Usage (452508K) : Executing rule TV1.a
2026-01-27 22:13:22 +0100: Memory Usage (452508K) : Executing rule TV1.b
2026-01-27 22:13:22 +0100: Memory Usage (452508K) : Executing rule TV1.c
2026-01-27 22:13:22 +0100: Memory Usage (452508K) : Executing rule TV1.d
2026-01-27 22:13:22 +0100: Memory Usage (452508K) : Starting 5.22. TopMetal1 table
2026-01-27 22:13:22 +0100: Memory Usage (452508K) : Executing rule TM1.a
2026-01-27 22:13:22 +0100: Memory Usage (452508K) : Executing rule TM1.b
2026-01-27 22:13:22 +0100: Memory Usage (452508K) : Starting 5.23 TopMetal1:filler table
2026-01-27 22:13:22 +0100: Memory Usage (452508K) : Executing rule TM1Fil.c
2026-01-27 22:13:22 +0100: Memory Usage (452508K) : Executing rule TM1Fil.a1
2026-01-27 22:13:22 +0100: Memory Usage (452508K) : Starting 5.24. TopVia2 table
2026-01-27 22:13:22 +0100: Memory Usage (452508K) : Executing rule TV2.a
2026-01-27 22:13:22 +0100: Memory Usage (452508K) : Executing rule TV2.b
2026-01-27 22:13:22 +0100: Memory Usage (452508K) : Executing rule TV2.c
2026-01-27 22:13:22 +0100: Memory Usage (452508K) : Executing rule TV2.d
2026-01-27 22:13:22 +0100: Memory Usage (452508K) : Starting 5.25. TopMetal2 table
2026-01-27 22:13:22 +0100: Memory Usage (452508K) : Executing rule TM2.a
2026-01-27 22:13:22 +0100: Memory Usage (452508K) : Executing rule TM2.b
2026-01-27 22:13:22 +0100: Memory Usage (452508K) : Executing rule TM2.bR
2026-01-27 22:13:22 +0100: Memory Usage (452508K) : Starting 5.26 TopMetal2:filler table
2026-01-27 22:13:22 +0100: Memory Usage (452508K) : Executing rule TM2Fil.c
2026-01-27 22:13:22 +0100: Memory Usage (452508K) : Executing rule TM2Fil.a1
2026-01-27 22:13:22 +0100: Memory Usage (452508K) : Starting 5.27. Passiv table
2026-01-27 22:13:22 +0100: Memory Usage (452508K) : Executing rule Pas.a
2026-01-27 22:13:22 +0100: Memory Usage (452508K) : Executing rule Pas.b
2026-01-27 22:13:22 +0100: Memory Usage (452508K) : Executing rule Pas.c
2026-01-27 22:13:22 +0100: Memory Usage (452508K) : Starting 6.9.2 Copper Pillar table
2026-01-27 22:13:22 +0100: Memory Usage (452508K) : Executing rule Padc.a
2026-01-27 22:13:22 +0100: Memory Usage (452508K) : Executing rule Padc.b
2026-01-27 22:13:22 +0100: Memory Usage (452508K) : Executing rule Padc.c
2026-01-27 22:13:22 +0100: Memory Usage (452508K) : Executing rule Padb.f
2026-01-27 22:13:22 +0100: Memory Usage (452508K) : Starting 6.9 Pad table
2026-01-27 22:13:22 +0100: Memory Usage (452508K) : Executing rule Pad.m
2026-01-27 22:13:22 +0100: Memory Usage (452508K) : Executing rule Pad.fR_M1
2026-01-27 22:13:22 +0100: Memory Usage (452508K) : Executing rule Pad.fR_M2
2026-01-27 22:13:22 +0100: Memory Usage (452508K) : Executing rule Pad.fR_M3
2026-01-27 22:13:22 +0100: Memory Usage (452508K) : Executing rule Pad.fR_M4
2026-01-27 22:13:22 +0100: Memory Usage (452508K) : Executing rule Pad.fR_M5
2026-01-27 22:13:22 +0100: Memory Usage (452508K) : Executing rule Pad.fR_TM1
2026-01-27 22:13:22 +0100: Memory Usage (452508K) : Executing rule Pad.fR_TM2
2026-01-27 22:13:22 +0100: Memory Usage (452636K) : Executing rule Pad.i
2026-01-27 22:13:22 +0100: Memory Usage (452764K) : Starting 6.9.1 Solder Bump
2026-01-27 22:13:22 +0100: Memory Usage (452764K) : Executing rule Padb.a
2026-01-27 22:13:22 +0100: Memory Usage (453020K) : Executing rule Padb.b
2026-01-27 22:13:22 +0100: Memory Usage (453148K) : Executing rule Padb.c
2026-01-27 22:13:22 +0100: Memory Usage (453404K) : Executing rule Padb.f
2026-01-27 22:13:22 +0100: Memory Usage (454428K) : Executing rule Padb.d
2026-01-27 22:13:22 +0100: Memory Usage (454556K) : Starting 6.10 Sealring table
2026-01-27 22:13:22 +0100: Memory Usage (454556K) : Executing rule Seal.l
2026-01-27 22:13:22 +0100: Memory Usage (454556K) : Executing rule Seal.n
2026-01-27 22:13:22 +0100: Memory Usage (454812K) : Executing rule seal.b_metal1
2026-01-27 22:13:22 +0100: Memory Usage (454940K) : Executing rule seal.b_metal2
2026-01-27 22:13:22 +0100: Memory Usage (455068K) : Executing rule seal.b_metal3
2026-01-27 22:13:22 +0100: Memory Usage (455324K) : Executing rule seal.b_metal4
2026-01-27 22:13:22 +0100: Memory Usage (455452K) : Executing rule seal.b_metal5
2026-01-27 22:13:22 +0100: Memory Usage (455708K) : Executing rule seal.b_topmetal1
2026-01-27 22:13:22 +0100: Memory Usage (455836K) : Executing rule seal.b_topmetal2
2026-01-27 22:13:22 +0100: Memory Usage (456092K) : Executing rule seal.b_activ
2026-01-27 22:13:22 +0100: Memory Usage (456220K) : Executing rule seal.b_psd
2026-01-27 22:13:22 +0100: Memory Usage (456476K) : Executing rule Seal.k
2026-01-27 22:13:22 +0100: Memory Usage (456604K) : Executing rule Seal.m
2026-01-27 22:13:22 +0100: Memory Usage (456860K) : Starting 6.11 MIM table
2026-01-27 22:13:22 +0100: Memory Usage (456860K) : Executing rule MIM.c
2026-01-27 22:13:22 +0100: Memory Usage (456988K) : Executing rule MIM.d
2026-01-27 22:13:22 +0100: Memory Usage (456988K) : Executing rule MIM.gR
2026-01-27 22:13:22 +0100: Memory Usage (456988K) : Starting 7.3 Metal Slits table
2026-01-27 22:13:22 +0100: Memory Usage (456988K) : Executing rule Slt.e1_M1
2026-01-27 22:13:22 +0100: Memory Usage (456988K) : Executing rule Slt.e1_M2
2026-01-27 22:13:22 +0100: Memory Usage (456988K) : Executing rule Slt.e1_M3
2026-01-27 22:13:22 +0100: Memory Usage (456988K) : Executing rule Slt.e1_M4
2026-01-27 22:13:22 +0100: Memory Usage (456988K) : Executing rule Slt.e1_M5
2026-01-27 22:13:22 +0100: Memory Usage (456988K) : Executing rule Slt.e1_TM1
2026-01-27 22:13:22 +0100: Memory Usage (456988K) : Executing rule Slt.e1_TM2
2026-01-27 22:13:22 +0100: Memory Usage (456988K) : Starting 9.1. LBE table
2026-01-27 22:13:22 +0100: Memory Usage (456988K) : Executing rule LBE.a
2026-01-27 22:13:22 +0100: Memory Usage (456988K) : Executing rule LBE.b
2026-01-27 22:13:22 +0100: Memory Usage (456988K) : Executing rule LBE.b1
2026-01-27 22:13:22 +0100: Memory Usage (456988K) : Executing rule LBE.c
2026-01-27 22:13:22 +0100: Memory Usage (456988K) : Executing rule LBE.d
2026-01-27 22:13:22 +0100: Memory Usage (456988K) : Executing rule LBE.h
2026-01-27 22:13:22 +0100: Memory Usage (456988K) : Starting 7.4. PIN table
2026-01-27 22:13:22 +0100: Memory Usage (456988K) : Executing rule Pin.a
2026-01-27 22:13:22 +0100: Memory Usage (456988K) : Executing rule Pin.b
2026-01-27 22:13:22 +0100: Memory Usage (456988K) : Executing rule Pin.e
2026-01-27 22:13:22 +0100: Memory Usage (456988K) : Executing rule Pin.f_M2
2026-01-27 22:13:22 +0100: Memory Usage (456988K) : Executing rule Pin.f_M3
2026-01-27 22:13:22 +0100: Memory Usage (456988K) : Executing rule Pin.f_M4
2026-01-27 22:13:22 +0100: Memory Usage (456988K) : Executing rule Pin.f_M5
2026-01-27 22:13:22 +0100: Memory Usage (456988K) : Executing rule Pin.g
2026-01-27 22:13:22 +0100: Memory Usage (456988K) : Executing rule Pin.h
2026-01-27 22:13:22 +0100: Memory Usage (456988K) : Starting 3.2. FORBIDDEN table
2026-01-27 22:13:22 +0100: Memory Usage (456988K) : Executing rule forbidden.biwind
2026-01-27 22:13:22 +0100: Memory Usage (456988K) : Executing rule forbidden.pemwind
2026-01-27 22:13:22 +0100: Memory Usage (456988K) : Executing rule forbidden.baspoly
2026-01-27 22:13:22 +0100: Memory Usage (456988K) : Executing rule forbidden.deepco
2026-01-27 22:13:22 +0100: Memory Usage (456988K) : Executing rule forbidden.pempoly
2026-01-27 22:13:22 +0100: Memory Usage (456988K) : Executing rule forbidden.empoly
2026-01-27 22:13:22 +0100: Memory Usage (456988K) : Executing rule forbidden.ldmos
2026-01-27 22:13:22 +0100: Memory Usage (456988K) : Executing rule forbidden.pbiwind
2026-01-27 22:13:22 +0100: Memory Usage (456988K) : Executing rule forbidden.nodrc
2026-01-27 22:13:22 +0100: Memory Usage (456988K) : Executing rule forbidden.flash
2026-01-27 22:13:22 +0100: Memory Usage (456988K) : Executing rule forbidden.colwind
2026-01-27 22:13:22 +0100: Memory Usage (456988K) : KLayout DRC run for tables 'main' completed in 3.34 seconds
