
Subcircuit summary:
Circuit 1: OTA_Telescopic_CMFB             |Circuit 2: OTA_Telescopic_CMFB             
-------------------------------------------|-------------------------------------------
sg13_lv_nmos (2)                           |sg13_lv_nmos (2)                           
sg13_lv_pmos (7)                           |sg13_lv_pmos (72->7)                       
Number of devices: 9                       |Number of devices: 9                       
Number of nets: 10                         |Number of nets: 10                         
---------------------------------------------------------------------------------------
Resolving symmetries by property value.
Resolving symmetries by pin name.
Netlists match uniquely.

Subcircuit pins:
Circuit 1: OTA_Telescopic_CMFB             |Circuit 2: OTA_Telescopic_CMFB             
-------------------------------------------|-------------------------------------------
VINP                                       |VINP                                       
VINN                                       |VINN                                       
VDD                                        |VDD                                        
VREF                                       |VREF                                       
IBIAS                                      |IBIAS                                      
CMFB                                       |CMFB                                       
VSS                                        |VSS                                        
---------------------------------------------------------------------------------------
Cell pin lists are equivalent.
Device classes OTA_Telescopic_CMFB and OTA_Telescopic_CMFB are equivalent.

Final result: Circuits match uniquely.
.
